/bin/sh: warning: setlocale: LC_ALL: cannot change locale (ja_JP.UTF-8)
/bin/sh: warning: setlocale: LC_ALL: cannot change locale (ja_JP.UTF-8)
sm73996
------------------------------
sm73982
['MAD', 'デモンベイン', 'ghm', '花と太陽と雨と', 'FSR', 'アナタノタメニ', '静止画MAD', 'エロゲ', '高音質', '高田雅史']
再生：3339
コメント：43
マイリスト：30
Userページステータス 200
フォロー数　 115
フォロワー数 33
update video_data set title="(MAD)デモンベイン", contributor_id=34672, contributor="はすた", follow=115, follower=33, time=287, view=3339, comment=43, mylist=30, total=3831, regist_date='2021-02-13 14:00:56.389748', upload_date='2007-03-27 00:45:56', videofound = 1, tag1= "MAD", tag2= "デモンベイン", tag3= "ghm", tag4= "花と太陽と雨と", tag5= "FSR", tag6= "アナタノタメニ", tag7= "静止画MAD", tag8= "エロゲ", tag9= "高音質", tag10= "高田雅史" where video_id = 'sm73982'
update:sm73982
14:0
------------------------------
sm73996
['ゲーム', 'グランディア', 'グランディア名シーン集', 'ゲームアーツ', 'グランディアデータ00シリーズ', 'セガサターン', 'おぼんチョップ', '典乃']
再生：7883
コメント：134
マイリスト：20
Userページステータス 200
フォロー数　 2
フォロワー数 65
update video_data set title="GRANDIA グランディア データ00.3 おぼんチョップ", contributor_id=10679, contributor="Ehnews", follow=2, follower=65, time=160, view=7883, comment=134, mylist=20, total=8314, regist_date='2021-02-13 14:00:58.877446', upload_date='2007-03-26 23:35:12', videofound = 1, tag1= "ゲーム", tag2= "グランディア", tag3= "グランディア名シーン集", tag4= "ゲームアーツ", tag5= "グランディアデータ00シリーズ", tag6= "セガサターン", tag7= "おぼんチョップ", tag8= "典乃" where video_id = 'sm73996'
update:sm73996
14:0
------------------------------
sm74001
['ギルティギア', 'ゲーム', 'カイ＝キスク', '初代ギルティ', 'ﾃﾞｽﾄﾛｰｲ', '前髪に定評のあるカイ', 'ラスボスが姑の男', 'カイには容赦ないソル', 'ガンマレイを潰す程度のチャージスタン', 'やらなカイ']
再生：14829
コメント：1411
マイリスト：44
Userページステータス 200
フォロー数　 52
フォロワー数 139
update video_data set title="[guilty gear]カイ　クリア", contributor_id=33511, contributor="hou", follow=52, follower=139, time=1419, view=14829, comment=1411, mylist=44, total=16777, regist_date='2021-02-13 14:00:59.801124', upload_date='2007-03-26 23:41:29', videofound = 1, tag1= "ギルティギア", tag2= "ゲーム", tag3= "カイ＝キスク", tag4= "初代ギルティ", tag5= "ﾃﾞｽﾄﾛｰｲ", tag6= "前髪に定評のあるカイ", tag7= "ラスボスが姑の男", tag8= "カイには容赦ないソル", tag9= "ガンマレイを潰す程度のチャージスタン", tag10= "やらなカイ" where video_id = 'sm74001'
update:sm74001
14:0
------------------------------
sm74009
['学校であった怖い話', '学校であった怖い話S', 'ホラー', 'サウンドノベル', 'ゲーム', '岩下明美', '最初はグー', '学怖Sプレイ動画', 'プレイ動画', '岩下さんの恋人', '百合']
再生：6918
コメント：375
マイリスト：11
Userページステータス 200
フォロー数　 3
フォロワー数 65
update video_data set title="PS 学校であった怖い話S 岩下明美 5話目(女)", contributor_id=217547, contributor="さつま", follow=3, follower=65, time=599, view=6918, comment=375, mylist=11, total=7438, regist_date='2021-02-13 14:01:01.342794', upload_date='2007-03-26 23:36:37', videofound = 1, tag1= "学校であった怖い話", tag2= "学校であった怖い話S", tag3= "ホラー", tag4= "サウンドノベル", tag5= "ゲーム", tag6= "岩下明美", tag7= "最初はグー", tag8= "学怖Sプレイ動画", tag9= "プレイ動画", tag10= "岩下さんの恋人", tag11= "百合" where video_id = 'sm74009'
update:sm74009
14:1
------------------------------
sm74014
['木霊P', 'やよいソロ', 'アイドルマスター', '私はアイドル', 'iM@SノーマルPV', '高槻やよい']
再生：1774
コメント：35
マイリスト：11
Userページステータス 200
フォロー数　 0
フォロワー数 17
update video_data set title="THE iDOLM@STER やよい 私はアイドル ソロ", contributor_id=78679, contributor="木霊", follow=0, follower=17, time=130, view=1774, comment=35, mylist=11, total=1973, regist_date='2021-02-13 14:01:02.281787', upload_date='2007-03-26 23:37:08', videofound = 1, tag1= "木霊P", tag2= "やよいソロ", tag3= "アイドルマスター", tag4= "私はアイドル", tag5= "iM@SノーマルPV", tag6= "高槻やよい" where video_id = 'sm74014'
update:sm74014
14:1
------------------------------
sm74029
['デスクリムゾン', 'デスクリムゾン2', 'デスコスモス', '体が動かない(15秒)', '超展開', 'マクネリー劇場', 'いつもどおりの急展開', 'マクネリールート', 'ライフ（デス）', 'かたずける']
再生：85355
コメント：17215
マイリスト：241
Userページステータス 200
フォロー数　 0
フォロワー数 324
update video_data set title="デスクリムゾン２ ダッハウ博物館（３／１８）", contributor_id=83549, contributor="とんえち", follow=0, follower=324, time=909, view=85355, comment=17215, mylist=241, total=103302, regist_date='2021-02-13 14:01:05.042226', upload_date='2007-03-26 23:38:37', videofound = 1, tag1= "デスクリムゾン", tag2= "デスクリムゾン2", tag3= "デスコスモス", tag4= "体が動かない(15秒)", tag5= "超展開", tag6= "マクネリー劇場", tag7= "いつもどおりの急展開", tag8= "マクネリールート", tag9= "ライフ（デス）", tag10= "かたずける" where video_id = 'sm74029'
Traceback (most recent call last):
  File "/home/centos/main.py", line 8, in <module>
    video_search.video_search(10000000)
  File "/home/centos/video_search.py", line 93, in video_search
    db_regist(format_rand_videoID + str(i))
  File "/home/centos/db/db_insert.py", line 154, in db_regist
    con.commit()
sqlite3.OperationalError: database is locked
sm74014
------------------------------
sm74009
['学校であった怖い話', '学校であった怖い話S', 'ホラー', 'サウンドノベル', 'ゲーム', '岩下明美', '最初はグー', '学怖Sプレイ動画', 'プレイ動画', '岩下さんの恋人', '百合']
再生：6918
コメント：375
マイリスト：11
Userページステータス 200
フォロー数　 3
フォロワー数 65
update video_data set title="PS 学校であった怖い話S 岩下明美 5話目(女)", contributor_id=217547, contributor="さつま", follow=3, follower=65, time=599, view=6918, comment=375, mylist=11, total=7438, regist_date='2021-02-13 14:01:11.273202', upload_date='2007-03-26 23:36:37', videofound = 1, tag1= "学校であった怖い話", tag2= "学校であった怖い話S", tag3= "ホラー", tag4= "サウンドノベル", tag5= "ゲーム", tag6= "岩下明美", tag7= "最初はグー", tag8= "学怖Sプレイ動画", tag9= "プレイ動画", tag10= "岩下さんの恋人", tag11= "百合" where video_id = 'sm74009'
update:sm74009
14:1
------------------------------
sm74014
['木霊P', 'やよいソロ', 'アイドルマスター', '私はアイドル', 'iM@SノーマルPV', '高槻やよい']
再生：1774
コメント：35
マイリスト：11
Userページステータス 200
フォロー数　 0
フォロワー数 17
update video_data set title="THE iDOLM@STER やよい 私はアイドル ソロ", contributor_id=78679, contributor="木霊", follow=0, follower=17, time=130, view=1774, comment=35, mylist=11, total=1973, regist_date='2021-02-13 14:01:12.065955', upload_date='2007-03-26 23:37:08', videofound = 1, tag1= "木霊P", tag2= "やよいソロ", tag3= "アイドルマスター", tag4= "私はアイドル", tag5= "iM@SノーマルPV", tag6= "高槻やよい" where video_id = 'sm74014'
update:sm74014
14:1
------------------------------
sm74029
['デスクリムゾン', 'デスクリムゾン2', 'デスコスモス', '体が動かない(15秒)', '超展開', 'マクネリー劇場', 'いつもどおりの急展開', 'マクネリールート', 'ライフ（デス）', 'かたずける']
再生：85355
コメント：17215
マイリスト：241
Userページステータス 200
フォロー数　 0
フォロワー数 324
update video_data set title="デスクリムゾン２ ダッハウ博物館（３／１８）", contributor_id=83549, contributor="とんえち", follow=0, follower=324, time=909, view=85355, comment=17215, mylist=241, total=103302, regist_date='2021-02-13 14:01:14.305039', upload_date='2007-03-26 23:38:37', videofound = 1, tag1= "デスクリムゾン", tag2= "デスクリムゾン2", tag3= "デスコスモス", tag4= "体が動かない(15秒)", tag5= "超展開", tag6= "マクネリー劇場", tag7= "いつもどおりの急展開", tag8= "マクネリールート", tag9= "ライフ（デス）", tag10= "かたずける" where video_id = 'sm74029'
update:sm74029
14:1
------------------------------
sm74035
['テニスの王子様', '最強チーム', '亜久津仁', '佐々木望', '奴隷人生', 'たらい回し', 'BAD_END']
再生：30911
コメント：15233
マイリスト：140
Userページステータス 200
フォロー数　 0
フォロワー数 40
update video_data set title="テニスの王子様～最強チームを結成せよ！～亜久津メイン", contributor_id=97814, contributor="＼(^o^)／", follow=0, follower=40, time=544, view=30911, comment=15233, mylist=140, total=43230, regist_date='2021-02-13 14:01:15.242923', upload_date='2007-03-26 23:47:20', videofound = 1, tag1= "テニスの王子様", tag2= "最強チーム", tag3= "亜久津仁", tag4= "佐々木望", tag5= "奴隷人生", tag6= "たらい回し", tag7= "BAD_END" where video_id = 'sm74035'
update:sm74035
14:1
------------------------------
sm74037
['ポケモン', 'ポケモン改造', 'カオス', '定番作品', 'ポケモン改造シリーズ', '新技つつきまくる', '葬式', 'じじばばタウン', '少子高齢化問題', '衝撃のラスト']
再生：17948
コメント：6470
マイリスト：33
Userページステータス 200
フォロー数　 46
フォロワー数 55
update video_data set title="ポケモン改造　13th　(謎のバグ　音楽高速Ver)", contributor_id=10339, contributor="INF", follow=46, follower=55, time=461, view=17948, comment=6470, mylist=33, total=23200, regist_date='2021-02-13 14:01:15.666261', upload_date='2007-03-26 23:43:38', videofound = 1, tag1= "ポケモン", tag2= "ポケモン改造", tag3= "カオス", tag4= "定番作品", tag5= "ポケモン改造シリーズ", tag6= "新技つつきまくる", tag7= "葬式", tag8= "じじばばタウン", tag9= "少子高齢化問題", tag10= "衝撃のラスト" where video_id = 'sm74037'
update:sm74037
14:1
------------------------------
sm74041
['アイドルマスター', '律子', 'iM@Sコミュ', '律子コミュ', 'かつどんP', '律子85cm＞美希84cm', 'ゲーム', '秋月律子']
再生：3493
コメント：255
マイリスト：10
Userページステータス 200
フォロー数　 0
フォロワー数 1
update video_data set title="アイドルマスター 律子コミュ 写真撮影（写真集）", contributor_id=76878, contributor="rpmg", follow=0, follower=1, time=151, view=3493, comment=255, mylist=10, total=3880, regist_date='2021-02-13 14:01:16.548616', upload_date='2007-03-26 23:44:01', videofound = 1, tag1= "アイドルマスター", tag2= "律子", tag3= "iM@Sコミュ", tag4= "律子コミュ", tag5= "かつどんP", tag6= "律子85cm＞美希84cm", tag7= "ゲーム", tag8= "秋月律子" where video_id = 'sm74041'
update:sm74041
14:1
------------------------------
sm74046
['あぶらみぶらざあず', 'うえだゆうじ', '三石琴乃', '置鮎龍太郎', '高木渉', '子安武人', '堀内賢雄', '宮村優子', '菅原祥子', 'ドラマCD']
再生：16128
コメント：2752
マイリスト：316
Userページステータス 200
フォロー数　 5
フォロワー数 30
update video_data set title="コンビニの店員", contributor_id=18596, contributor="kureichirou", follow=5, follower=30, time=614, view=16128, comment=2752, mylist=316, total=23225, regist_date='2021-02-13 14:01:17.443636', upload_date='2007-03-26 23:44:19', videofound = 1, tag1= "あぶらみぶらざあず", tag2= "うえだゆうじ", tag3= "三石琴乃", tag4= "置鮎龍太郎", tag5= "高木渉", tag6= "子安武人", tag7= "堀内賢雄", tag8= "宮村優子", tag9= "菅原祥子", tag10= "ドラマCD" where video_id = 'sm74046'
update:sm74046
14:1
------------------------------
sm74061
['攻殻機動隊', '菅野よう子', 'i_do', '切ない曲', 'SAC', 'イタリア語', '音楽', '電脳硬化症に効く動画', '左手だけで鶴が折れるようになる動画']
再生：15199
コメント：234
マイリスト：315
Userページステータス 200
フォロー数　 0
フォロワー数 2
update video_data set title="i do", contributor_id=68159, contributor="Richa", follow=0, follower=2, time=291, view=15199, comment=234, mylist=315, total=20154, regist_date='2021-02-13 14:01:20.144303', upload_date='2007-03-26 23:47:16', videofound = 1, tag1= "攻殻機動隊", tag2= "菅野よう子", tag3= "i_do", tag4= "切ない曲", tag5= "SAC", tag6= "イタリア語", tag7= "音楽", tag8= "電脳硬化症に効く動画", tag9= "左手だけで鶴が折れるようになる動画" where video_id = 'sm74061'
update:sm74061
14:1
------------------------------
sm74062
['舞-乙HiME', 'HiME', 'MAD', 'ガンソOPシリーズ', 'サムネに釣られた', 'カオス', 'アニメ', 'ガン×ソード']
再生：12468
コメント：132
マイリスト：27
Userページステータス 200
フォロー数　 0
フォロワー数 1
update video_data set title="【MAD】GUN×SWORD乙HiME【舞-乙HiME】", contributor_id=13833, contributor="miyagi", follow=0, follower=1, time=91, view=12468, comment=132, mylist=27, total=13003, regist_date='2021-02-13 14:01:20.416107', upload_date='2007-03-26 23:47:35', videofound = 1, tag1= "舞-乙HiME", tag2= "HiME", tag3= "MAD", tag4= "ガンソOPシリーズ", tag5= "サムネに釣られた", tag6= "カオス", tag7= "アニメ", tag8= "ガン×ソード" where video_id = 'sm74062'
update:sm74062
14:1
------------------------------
sm74063
['ANUBIS', 'アヌビス', 'ZOE', 'ED', 'ゲーム', 'PS2', 'ADA', 'AI']
再生：10026
コメント：263
マイリスト：52
Userページステータス 200
フォロー数　 0
フォロワー数 6
update video_data set title="ANUBIS　ED", contributor_id=216675, contributor="vos", follow=0, follower=6, time=492, view=10026, comment=263, mylist=52, total=11062, regist_date='2021-02-13 14:01:20.660384', upload_date='2007-03-26 23:46:54', videofound = 1, tag1= "ANUBIS", tag2= "アヌビス", tag3= "ZOE", tag4= "ED", tag5= "ゲーム", tag6= "PS2", tag7= "ADA", tag8= "AI" where video_id = 'sm74063'
update:sm74063
14:1
------------------------------
sm74064
['くにおくん', '熱血行進曲', 'ファミコン', 'ゲーム', '勝ち抜き格闘', '熱血行進曲４人対戦', '試合放棄あり', 'ダウンタウン熱血行進曲', 'くにお動画', '全競技勝ち抜き格闘']
再生：6130
コメント：1156
マイリスト：11
Userページステータス 200
フォロー数　 49
フォロワー数 90
update video_data set title="くにお動画　ダウンタウン熱血行進曲　４人対戦　其の3", contributor_id=13814, contributor="くにお", follow=49, follower=90, time=1525, view=6130, comment=1156, mylist=11, total=7267, regist_date='2021-02-13 14:01:21.109839', upload_date='2007-03-27 00:04:34', videofound = 1, tag1= "くにおくん", tag2= "熱血行進曲", tag3= "ファミコン", tag4= "ゲーム", tag5= "勝ち抜き格闘", tag6= "熱血行進曲４人対戦", tag7= "試合放棄あり", tag8= "ダウンタウン熱血行進曲", tag9= "くにお動画", tag10= "全競技勝ち抜き格闘" where video_id = 'sm74064'
update:sm74064
14:1
------------------------------
sm74074
['ゲーム', 'ストリップファイター', 'ストリップファイターⅡ', 'ハッカーインターナショナル', '1994年', 'ハメ技']
再生：65735
コメント：1248
マイリスト：93
Userページステータス 200
フォロー数　 2
フォロワー数 8
update video_data set title="ストリップファイターⅡ　コンボ", contributor_id=230243, contributor="SIMPLE20000", follow=2, follower=8, time=353, view=65735, comment=1248, mylist=93, total=68354, regist_date='2021-02-13 14:01:22.589382', upload_date='2007-03-26 23:52:01', videofound = 1, tag1= "ゲーム", tag2= "ストリップファイター", tag3= "ストリップファイターⅡ", tag4= "ハッカーインターナショナル", tag5= "1994年", tag6= "ハメ技" where video_id = 'sm74074'
update:sm74074
14:1
------------------------------
sm74078
['アイドルマスター', '雪歩', 'ＲａｓｅｎＰ', 'ポジティブ！', '雪歩ソロ', '変態ホイホイ', '紳士の隠れ家', 'iM@SノーマルPV', 'ねこぽ', 'エクササイズウェア']
再生：3072
コメント：74
マイリスト：20
Userページステータス 200
フォロー数　 5
フォロワー数 4
update video_data set title="アイドルマスター【ネコみみ雪歩】ポジティブ！.ブルマＶｅｒ", contributor_id=22138, contributor="Rasen", follow=5, follower=4, time=132, view=3072, comment=74, mylist=20, total=3444, regist_date='2021-02-13 14:01:23.291774', upload_date='2007-03-26 23:48:10', videofound = 1, tag1= "アイドルマスター", tag2= "雪歩", tag3= "ＲａｓｅｎＰ", tag4= "ポジティブ！", tag5= "雪歩ソロ", tag6= "変態ホイホイ", tag7= "紳士の隠れ家", tag8= "iM@SノーマルPV", tag9= "ねこぽ", tag10= "エクササイズウェア" where video_id = 'sm74078'
update:sm74078
14:1
------------------------------
sm74087
['がぶ呑み', 'アイドルマスター', 'アイマスネタ', '胡麻和え', 'もう十分評価された', '陰陽師M@STER', 'レッツゴー！陰陽師', '陰マス無印OP⇔壱話前半']
再生：1870
コメント：35
マイリスト：15
Userページステータス 200
フォロー数　 1
フォロワー数 0
update video_data set title="陰陽師M@STER", contributor_id=290092, contributor="momi-02", follow=1, follower=0, time=158, view=1870, comment=35, mylist=15, total=2129, regist_date='2021-02-13 14:01:24.704260', upload_date='2007-03-26 23:53:46', videofound = 1, tag1= "がぶ呑み", tag2= "アイドルマスター", tag3= "アイマスネタ", tag4= "胡麻和え", tag5= "もう十分評価された", tag6= "陰陽師M@STER", tag7= "レッツゴー！陰陽師", tag8= "陰マス無印OP⇔壱話前半" where video_id = 'sm74087'
update:sm74087
14:1
------------------------------
sm74090
['律子', 'iM@Sコミュ', 'アイドルマスター', '律子コミュ', '８月の仕事', '秋月律子', 'DEEP_SEA', '若林直美']
再生：10671
コメント：928
マイリスト：38
Userページステータス 200
フォロー数　 0
フォロワー数 1
update video_data set title="アイドルマスター 律子コミュ 8月の仕事", contributor_id=76878, contributor="rpmg", follow=0, follower=1, time=166, view=10671, comment=928, mylist=38, total=12094, regist_date='2021-02-13 14:01:25.238868', upload_date='2007-03-26 23:51:43', videofound = 1, tag1= "律子", tag2= "iM@Sコミュ", tag3= "アイドルマスター", tag4= "律子コミュ", tag5= "８月の仕事", tag6= "秋月律子", tag7= "DEEP_SEA", tag8= "若林直美" where video_id = 'sm74090'
update:sm74090
14:1
------------------------------
sm74095
['OP', 'BALDR_FORCE_EXE', 'MAD', 'バルドフォース', 'ゲーム', 'ゲームOP', 'ロボット', 'face_of_fact', 'Kotoko']
再生：1710
コメント：18
マイリスト：11
Userページステータス 200
フォロー数　 1
フォロワー数 14
update video_data set title="[MAD] BALDR FORCE EXE コラボOP", contributor_id=17157, contributor="Ccc", follow=1, follower=14, time=147, view=1710, comment=18, mylist=11, total=1892, regist_date='2021-02-13 14:01:26.067737', upload_date='2007-03-26 23:57:00', videofound = 1, tag1= "OP", tag2= "BALDR_FORCE_EXE", tag3= "MAD", tag4= "バルドフォース", tag5= "ゲーム", tag6= "ゲームOP", tag7= "ロボット", tag8= "face_of_fact", tag9= "Kotoko" where video_id = 'sm74095'
update:sm74095
14:1
------------------------------
sm74099
[]
再生：407
コメント：33
マイリスト：2
Userページステータス 200
フォロー数　 10
フォロワー数 3
update video_data set title="test", contributor_id=180769, contributor="サル", follow=10, follower=3, time=89, view=407, comment=33, mylist=2, total=467, regist_date='2021-02-13 14:01:27.013309', upload_date='2007-03-27 00:09:52', videofound = 1 where video_id = 'sm74099'
update:sm74099
14:1
------------------------------
sm74100
['ないしゃおだくーにゃん', 'MOSAIC.WAV']
再生：20438
コメント：154
マイリスト：265
Userページステータス 200
フォロー数　 7
フォロワー数 33
update video_data set title="ないしゃおだくーにゃん(MOSAIC.WAV", contributor_id=76467, contributor="ナギりゃん", follow=7, follower=33, time=169, view=20438, comment=154, mylist=265, total=24565, regist_date='2021-02-13 14:01:27.351332', upload_date='2007-03-26 23:58:29', videofound = 1, tag1= "ないしゃおだくーにゃん", tag2= "MOSAIC.WAV" where video_id = 'sm74100'
update:sm74100
14:1
------------------------------
sm74101
['ゲーム', '攻殻機動隊', 'ラスボス', 'PS2', '汚染米', 'InnerUniverse', '田園が台無し']
再生：6558
コメント：183
マイリスト：15
Userページステータス 200
フォロー数　 0
フォロワー数 9
update video_data set title="PS2「攻殻機動隊SAC」ラスボス戦BGM差し替え版", contributor_id=258544, contributor="MRT007", follow=0, follower=9, time=373, view=6558, comment=183, mylist=15, total=6961, regist_date='2021-02-13 14:01:27.621618', upload_date='2007-03-27 01:10:18', videofound = 1, tag1= "ゲーム", tag2= "攻殻機動隊", tag3= "ラスボス", tag4= "PS2", tag5= "汚染米", tag6= "InnerUniverse", tag7= "田園が台無し" where video_id = 'sm74101'
update:sm74101
14:1
------------------------------
sm74103
['key', 'CLANNAD', 'ゲーム', 'CM', 'PS2', 'メグメル', '東商業高校一年のホモ犯罪者', '怪我を口内炎と偽証する地域課主任警官', '守屋犯罪者', '廣田犯罪者', '尻突き出し誘惑子持ち山内']
再生：7428
コメント：42
マイリスト：21
Userページステータス 200
フォロー数　 26
フォロワー数 46
update video_data set title="PS2 CLANNAD CM", contributor_id=74662, contributor="ういよめん＠U4", follow=26, follower=46, time=15, view=7428, comment=42, mylist=21, total=7784, regist_date='2021-02-13 14:01:28.396084', upload_date='2007-03-27 01:02:23', videofound = 1, tag1= "key", tag2= "CLANNAD", tag3= "ゲーム", tag4= "CM", tag5= "PS2", tag6= "メグメル", tag7= "東商業高校一年のホモ犯罪者", tag8= "怪我を口内炎と偽証する地域課主任警官", tag9= "守屋犯罪者", tag10= "廣田犯罪者", tag11= "尻突き出し誘惑子持ち山内" where video_id = 'sm74103'
update:sm74103
14:1
------------------------------
sm74105
['アイドルマスター', 'relations', 'アイマスREMIX', 'watarasejun氏', 'tr@nce', '星井美希', '如月千早']
再生：20076
コメント：350
マイリスト：135
Userページステータス 200
フォロー数　 3
フォロワー数 43
update video_data set title="アイドルマスター relations　リミックス", contributor_id=98835, contributor="えすだぼ（公式アカウント）", follow=3, follower=43, time=185, view=20076, comment=350, mylist=135, total=22445, regist_date='2021-02-13 14:01:28.797714', upload_date='2007-03-27 01:05:26', videofound = 1, tag1= "アイドルマスター", tag2= "relations", tag3= "アイマスREMIX", tag4= "watarasejun氏", tag5= "tr@nce", tag6= "星井美希", tag7= "如月千早" where video_id = 'sm74105'
update:sm74105
14:1
------------------------------
sm74109
['Xbox360', 'EDF', '遊戯王', 'ドロー！モンスターカード！', 'ずっと俺のターン', 'HAGAシリーズ', '地球防衛軍３', 'ゲーム']
再生：8425
コメント：290
マイリスト：16
Userページステータス 200
フォロー数　 8
フォロワー数 0
update video_data set title="地球防衛軍3－ずっとストーム１のターン！！", contributor_id=53397, contributor="ルナブライト", follow=8, follower=0, time=100, view=8425, comment=290, mylist=16, total=8945, regist_date='2021-02-13 14:01:29.487396', upload_date='2007-03-26 23:56:24', videofound = 1, tag1= "Xbox360", tag2= "EDF", tag3= "遊戯王", tag4= "ドロー！モンスターカード！", tag5= "ずっと俺のターン", tag6= "HAGAシリーズ", tag7= "地球防衛軍３", tag8= "ゲーム" where video_id = 'sm74109'
update:sm74109
14:1
------------------------------
sm74116
['GAMEONE', 'ゲーム', 'TVゲームの歴史', '海外の反応シリーズ', '松浦雅也', 'ローリング内沢', 'ゲームの歴史リンク', '山岡晃', 'BEMANIアーティスト生出演リンク']
再生：7562
コメント：147
マイリスト：26
Userページステータス 200
フォロー数　 139
フォロワー数 1
update video_data set title="『GAME ONE』ゲームミュージック特集パート３", contributor_id=51037, contributor="kik", follow=139, follower=1, time=446, view=7562, comment=147, mylist=26, total=8096, regist_date='2021-02-13 14:01:30.596885', upload_date='2007-03-27 00:15:07', videofound = 1, tag1= "GAMEONE", tag2= "ゲーム", tag3= "TVゲームの歴史", tag4= "海外の反応シリーズ", tag5= "松浦雅也", tag6= "ローリング内沢", tag7= "ゲームの歴史リンク", tag8= "山岡晃", tag9= "BEMANIアーティスト生出演リンク" where video_id = 'sm74116'
update:sm74116
14:1
------------------------------
sm74121
['軍事', '戦争', '命がけの撮影', 'コソボはもう独立です', 'NATO', 'コソボ', 'ドイツ連邦軍', 'コソボ紛争', 'レオパルト２', '戦車']
再生：10772
コメント：241
マイリスト：71
Userページステータス 200
フォロー数　 0
フォロワー数 15
update video_data set title="コソボ？[軍事]", contributor_id=39344, contributor="mugi", follow=0, follower=15, time=161, view=10772, comment=241, mylist=71, total=12072, regist_date='2021-02-13 14:01:31.424068', upload_date='2007-03-27 02:39:05', videofound = 1, tag1= "軍事", tag2= "戦争", tag3= "命がけの撮影", tag4= "コソボはもう独立です", tag5= "NATO", tag6= "コソボ", tag7= "ドイツ連邦軍", tag8= "コソボ紛争", tag9= "レオパルト２", tag10= "戦車" where video_id = 'sm74121'
update:sm74121
14:1
------------------------------
sm74122
['アニメ', 'OP', 'ジルデコ', 'RED_GARDEN', 'JiLL-Decoy_association', 'Jolly_Jolly', '千住明', '心に残る名曲集', '邦楽', 'GONZO']
再生：16146
コメント：157
マイリスト：272
Userページステータス 200
フォロー数　 1
フォロワー数 212
update video_data set title="RED GARDEN OP ", contributor_id=37637, contributor="げんなり豆腐", follow=1, follower=212, time=92, view=16146, comment=157, mylist=272, total=20381, regist_date='2021-02-13 14:01:31.686818', upload_date='2007-03-26 23:59:05', videofound = 1, tag1= "アニメ", tag2= "OP", tag3= "ジルデコ", tag4= "RED_GARDEN", tag5= "JiLL-Decoy_association", tag6= "Jolly_Jolly", tag7= "千住明", tag8= "心に残る名曲集", tag9= "邦楽", tag10= "GONZO" where video_id = 'sm74122'
update:sm74122
14:1
------------------------------
sm74126
['エアギター', 'DMC']
再生：821
コメント：52
マイリスト：0
Userページステータス 200
ユーザー退会済み、もしくはアカウント停止の可能性
update video_data set title="エアギター", contributor_id=281734, contributor="VEVE", time=165, view=821, comment=52, mylist=0, total=869, regist_date='2021-02-13 14:01:32.368484', upload_date='2007-03-26 23:58:56', videofound = 1, tag1= "エアギター", tag2= "DMC" where video_id = 'sm74126'
update:sm74126
14:1
------------------------------
sm74132
['音楽', 'ABBA', 'Dancing_Queen', '洋楽名曲集', 'スウェーデン', '洋楽', '1976年', '名曲', '伝説', 'PV']
再生：121208
コメント：1123
マイリスト：2198
Userページステータス 200
フォロー数　 0
フォロワー数 147
update video_data set title="ABBA - Dancing Queen", contributor_id=38314, contributor="25min", follow=0, follower=147, time=225, view=121208, comment=1123, mylist=2198, total=155290, regist_date='2021-02-13 14:01:33.360864', upload_date='2007-03-27 00:01:21', videofound = 1, tag1= "音楽", tag2= "ABBA", tag3= "Dancing_Queen", tag4= "洋楽名曲集", tag5= "スウェーデン", tag6= "洋楽", tag7= "1976年", tag8= "名曲", tag9= "伝説", tag10= "PV" where video_id = 'sm74132'
update:sm74132
14:1
------------------------------
sm74135
['カオス', '吹いたら負け', '孔明の罠', '腹筋崩壊', '消すと増えます', 'ブラクラ', 'クラッシュミー', 'グリンピース', '野菜', 'エンターテインメント']
再生：8503
コメント：433
マイリスト：1
Userページステータス 200
フォロー数　 33
フォロワー数 21
update video_data set title="クラッシュミー", contributor_id=257674, contributor="ウェウェコヨトル", follow=33, follower=21, time=170, view=8503, comment=433, mylist=1, total=8930, regist_date='2021-02-13 14:01:33.917425', upload_date='2007-03-27 00:44:16', videofound = 1, tag1= "カオス", tag2= "吹いたら負け", tag3= "孔明の罠", tag4= "腹筋崩壊", tag5= "消すと増えます", tag6= "ブラクラ", tag7= "クラッシュミー", tag8= "グリンピース", tag9= "野菜", tag10= "エンターテインメント" where video_id = 'sm74135'
update:sm74135
14:1
------------------------------
sm74140
['ED', 'SAMURAI7', 'サムライ7', 'おむすびが食べたくなる動画', '虹結び', 'GONZOの本気', '仏曲', '和ポップス']
再生：56135
コメント：911
マイリスト：1037
Userページステータス 200
フォロー数　 0
フォロワー数 218
update video_data set title="SAMURAI7 ED ｢虹結び｣", contributor_id=123972, contributor="suzu", follow=0, follower=218, time=89, view=56135, comment=911, mylist=1037, total=72586, regist_date='2021-02-13 14:01:34.711432', upload_date='2007-03-27 00:03:52', videofound = 1, tag1= "ED", tag2= "SAMURAI7", tag3= "サムライ7", tag4= "おむすびが食べたくなる動画", tag5= "虹結び", tag6= "GONZOの本気", tag7= "仏曲", tag8= "和ポップス" where video_id = 'sm74140'
update:sm74140
14:1
------------------------------
sm74141
['無音', 'ANUBIS', 'Z.O.E']
再生：2629
コメント：144
マイリスト：4
Userページステータス 200
フォロー数　 103
フォロワー数 6
update video_data set title="ANUBIS Z.O.E 難易度Normal 8/9", contributor_id=37393, contributor="NekoFish", follow=103, follower=6, time=1076, view=2629, comment=144, mylist=4, total=2825, regist_date='2021-02-13 14:01:35.427435', upload_date='2007-03-27 00:10:04', videofound = 1, tag1= "無音", tag2= "ANUBIS", tag3= "Z.O.E" where video_id = 'sm74141'
update:sm74141
14:1
------------------------------
sm74158
['アイドルマスター', '太鼓の達人', 'ゲーム', 'iM@Sオールスター', '普通譜面', '美希は左上にいます', 'IDOLM＠STER(主題歌）']
再生：18101
コメント：317
マイリスト：22
Userページステータス 200
フォロー数　 5
フォロワー数 21
update video_data set title="太鼓の達人 THE IDOLM@STER", contributor_id=22167, contributor="tibita", follow=5, follower=21, time=123, view=18101, comment=317, mylist=22, total=18742, regist_date='2021-02-13 14:01:38.100810', upload_date='2007-03-27 00:13:17', videofound = 1, tag1= "アイドルマスター", tag2= "太鼓の達人", tag3= "ゲーム", tag4= "iM@Sオールスター", tag5= "普通譜面", tag6= "美希は左上にいます", tag7= "IDOLM＠STER(主題歌）" where video_id = 'sm74158'
update:sm74158
14:1
------------------------------
sm74181
['ゲーム', 'いろんなゲームをやる風味。', 'ホーリーダイヴァー', 'アイレム', '悪魔城ドラキュラ', '魔界村', 'ファミコン', '難ゲー']
再生：1189
コメント：203
マイリスト：0
Userページステータス 200
フォロー数　 0
フォロワー数 1
update video_data set title="いろんなゲームをやる風味。#1「ホーリーダイヴァー」その3/5", contributor_id=14486, contributor="era", follow=0, follower=1, time=920, view=1189, comment=203, mylist=0, total=1362, regist_date='2021-02-13 14:01:41.331268', upload_date='2007-03-27 00:20:00', videofound = 1, tag1= "ゲーム", tag2= "いろんなゲームをやる風味。", tag3= "ホーリーダイヴァー", tag4= "アイレム", tag5= "悪魔城ドラキュラ", tag6= "魔界村", tag7= "ファミコン", tag8= "難ゲー" where video_id = 'sm74181'
update:sm74181
14:1
------------------------------
sm74183
['MAD', '蒼穹のファフナー', 'ブレイド', '魔法少女リリカルなのは', 'アニメ']
再生：3625
コメント：131
マイリスト：27
Userページステータス 200
フォロー数　 16
フォロワー数 1
update video_data set title="（なのは　ＭＡＤ）蒼穹のファのはー", contributor_id=147294, contributor="黒い方のベネット", follow=16, follower=1, time=279, view=3625, comment=131, mylist=27, total=4156, regist_date='2021-02-13 14:01:41.935724', upload_date='2007-03-27 00:23:58', videofound = 1, tag1= "MAD", tag2= "蒼穹のファフナー", tag3= "ブレイド", tag4= "魔法少女リリカルなのは", tag5= "アニメ" where video_id = 'sm74183'
update:sm74183
14:1
------------------------------
sm74190
['ゲーム', 'ED', 'メガドライブ', 'ルナ', 'メガCD', 'ゲームアーツ', 'ボンカレー', 'ゲームED', '1992年', 'LUNAR_THE_SILVER_STAR', '井上喜久子']
再生：6397
コメント：373
マイリスト：25
Userページステータス 200
フォロー数　 12
フォロワー数 19
update video_data set title="ルナ・ザ・シルバースター ED", contributor_id=12582, contributor="kitt_99", follow=12, follower=19, time=445, view=6397, comment=373, mylist=25, total=7124, regist_date='2021-02-13 14:01:43.518712', upload_date='2007-03-27 00:23:00', videofound = 1, tag1= "ゲーム", tag2= "ED", tag3= "メガドライブ", tag4= "ルナ", tag5= "メガCD", tag6= "ゲームアーツ", tag7= "ボンカレー", tag8= "ゲームED", tag9= "1992年", tag10= "LUNAR_THE_SILVER_STAR", tag11= "井上喜久子" where video_id = 'sm74190'
update:sm74190
14:1
------------------------------
sm74198
['人間椅子', '太陽と戦慄', 'プログレ', 'ロック', '人間椅子倶楽部', '後藤マスヒロ', '精密機械', 'ワジー・フリップ', 'King_Crimson', 'ピカチュウ']
再生：41120
コメント：655
マイリスト：522
Userページステータス 200
ユーザー退会済み、もしくはアカウント停止の可能性
update video_data set title="Larks Tongues In Aspic - Part 2～人間椅子バージョン～", contributor_id=281734, contributor="VEVE", time=409, view=41120, comment=655, mylist=522, total=49594, regist_date='2021-02-13 14:01:44.809887', upload_date='2007-03-27 00:20:17', videofound = 1, tag1= "人間椅子", tag2= "太陽と戦慄", tag3= "プログレ", tag4= "ロック", tag5= "人間椅子倶楽部", tag6= "後藤マスヒロ", tag7= "精密機械", tag8= "ワジー・フリップ", tag9= "King_Crimson", tag10= "ピカチュウ" where video_id = 'sm74198'
update:sm74198
14:1
------------------------------
sm74216
['ROCK', '洋楽', 'Dani_California', '音楽', 'RHCP', 'PlayStation®Network配信タイトル']
再生：3660
コメント：119
マイリスト：30
Userページステータス 200
フォロー数　 13
フォロワー数 98
update video_data set title="Dani California", contributor_id=182514, contributor="axl1944", follow=13, follower=98, time=285, view=3660, comment=119, mylist=30, total=4225, regist_date='2021-02-13 14:01:47.902705', upload_date='2007-03-27 00:26:16', videofound = 1, tag1= "ROCK", tag2= "洋楽", tag3= "Dani_California", tag4= "音楽", tag5= "RHCP", tag6= "PlayStation®Network配信タイトル" where video_id = 'sm74216'
update:sm74216
14:1
------------------------------
sm74221
['ANUBIS', 'Z.O.E', 'ゲーム', 'PS2']
再生：4205
コメント：562
マイリスト：10
Userページステータス 200
フォロー数　 103
フォロワー数 6
update video_data set title="ANUBIS Z.O.E 難易度Normal 9/9", contributor_id=37393, contributor="NekoFish", follow=103, follower=6, time=1424, view=4205, comment=562, mylist=10, total=4850, regist_date='2021-02-13 14:01:48.742230', upload_date='2007-03-27 06:30:11', videofound = 1, tag1= "ANUBIS", tag2= "Z.O.E", tag3= "ゲーム", tag4= "PS2" where video_id = 'sm74221'
update:sm74221
14:1
------------------------------
sm74247
['F-ZERO', 'ファイアスティングレイ_FIRE_STINGRAY', 'ガチバトル', '本命']
再生：9191
コメント：653
マイリスト：29
Userページステータス 200
フォロー数　 1
フォロワー数 995
update video_data set title="SFC版F-ZERO　ファイアスティングレイでマスタークラスガチプレイ　その１", contributor_id=292683, contributor="タルビー", follow=1, follower=995, time=856, view=9191, comment=653, mylist=29, total=10235, regist_date='2021-02-13 14:01:52.550573', upload_date='2007-03-27 00:54:56', videofound = 1, tag1= "F-ZERO", tag2= "ファイアスティングレイ_FIRE_STINGRAY", tag3= "ガチバトル", tag4= "本命" where video_id = 'sm74247'
update:sm74247
14:1
------------------------------
sm74248
['ファミコン', '暴れん坊天狗', 'ゲーム', 'STG', 'プレイ動画', '1990年']
再生：5058
コメント：427
マイリスト：18
Userページステータス 200
フォロー数　 16
フォロワー数 93
update video_data set title="暴れん坊天狗　まったりプレイ動画", contributor_id=71281, contributor="WITHゾンビ", follow=16, follower=93, time=2127, view=5058, comment=427, mylist=18, total=5721, regist_date='2021-02-13 14:01:52.798534', upload_date='2007-03-27 01:40:31', videofound = 1, tag1= "ファミコン", tag2= "暴れん坊天狗", tag3= "ゲーム", tag4= "STG", tag5= "プレイ動画", tag6= "1990年" where video_id = 'sm74248'
update:sm74248
14:1
------------------------------
sm74250
['癒し刑', '顔だけ実写', '我々の業界でも拷問です', '閲覧注意', 'Divine_Moments_Of_Truth', '癒し', '統合失調症', 'しじみ', '×1.25', '電子ドラッグ']
再生：59306
コメント：3208
マイリスト：817
Userページステータス 200
フォロー数　 6
フォロワー数 15
update video_data set title="Flashback", contributor_id=24956, contributor="funyafunya", follow=6, follower=15, time=572, view=59306, comment=3208, mylist=817, total=74606, regist_date='2021-02-13 14:01:53.178096', upload_date='2007-03-27 00:55:50', videofound = 1, tag1= "癒し刑", tag2= "顔だけ実写", tag3= "我々の業界でも拷問です", tag4= "閲覧注意", tag5= "Divine_Moments_Of_Truth", tag6= "癒し", tag7= "統合失調症", tag8= "しじみ", tag9= "×1.25", tag10= "電子ドラッグ" where video_id = 'sm74250'
update:sm74250
14:1
------------------------------
sm74292
['パンティ', 'R-18', 'エロ', '英知出版', 'エプロン', '渡辺由架', '下着', '乳首が見える動画リンク', '尻']
再生：30544
コメント：395
マイリスト：161
Userページステータス 200
フォロー数　 2
フォロワー数 1
update video_data set title="エロ歌謡", contributor_id=256484, contributor="ytkss", follow=2, follower=1, time=165, view=30544, comment=395, mylist=161, total=33348, regist_date='2021-02-13 14:01:59.288268', upload_date='2007-03-27 01:09:58', videofound = 1, tag1= "パンティ", tag2= "R-18", tag3= "エロ", tag4= "英知出版", tag5= "エプロン", tag6= "渡辺由架", tag7= "下着", tag8= "乳首が見える動画リンク", tag9= "尻" where video_id = 'sm74292'
update:sm74292
14:1
------------------------------
sm74293
['モータースポーツ', 'クラッシュ', 'F1', 'IRL', 'NHRA', 'CART', 'NASCAR', 'スポーツ']
再生：3541
コメント：61
マイリスト：11
Userページステータス 200
フォロー数　 2
フォロワー数 70
update video_data set title="The Pungent Crashes", contributor_id=140932, contributor="maktub", follow=2, follower=70, time=173, view=3541, comment=61, mylist=11, total=3765, regist_date='2021-02-13 14:01:59.548640', upload_date='2007-03-27 01:05:07', videofound = 1, tag1= "モータースポーツ", tag2= "クラッシュ", tag3= "F1", tag4= "IRL", tag5= "NHRA", tag6= "CART", tag7= "NASCAR", tag8= "スポーツ" where video_id = 'sm74293'
update:sm74293
14:1
------------------------------
sm74299
['iM@SコラボPV', 'アイドルマスター', 'おっさんホイホイ', 'AugeP', 'WINK', '死語', 'ナウなヤングにバカウケ', '淋しい熱帯魚', '星井美希', '高槻やよい']
再生：34739
コメント：1929
マイリスト：485
Userページステータス 200
フォロー数　 1
フォロワー数 32
update video_data set title="アイドルマスター(淋しい熱帯魚)", contributor_id=53989, contributor="Auge", follow=1, follower=32, time=133, view=34739, comment=1929, mylist=485, total=43842, regist_date='2021-02-13 14:02:00.508216', upload_date='2007-03-27 00:50:56', videofound = 1, tag1= "iM@SコラボPV", tag2= "アイドルマスター", tag3= "おっさんホイホイ", tag4= "AugeP", tag5= "WINK", tag6= "死語", tag7= "ナウなヤングにバカウケ", tag8= "淋しい熱帯魚", tag9= "星井美希", tag10= "高槻やよい" where video_id = 'sm74299'
update:sm74299
14:2
------------------------------
sm74308
['ライアーソフト', '腐り姫', "I've", 'とおりゃんせ', '島みやえい子', '高瀬一矢', '通りゃんせ', 'ホラー', '童謡', 'もっと評価されるべき']
再生：36095
コメント：403
マイリスト：406
Userページステータス 200
フォロー数　 0
フォロワー数 3
update video_data set title="腐り姫とおりゃんせ", contributor_id=106536, contributor="666", follow=0, follower=3, time=140, view=36095, comment=403, mylist=406, total=42583, regist_date='2021-02-13 14:02:01.949652', upload_date='2007-03-27 01:19:53', videofound = 1, tag1= "ライアーソフト", tag2= "腐り姫", tag3= "Ive", tag4= "とおりゃんせ", tag5= "島みやえい子", tag6= "高瀬一矢", tag7= "通りゃんせ", tag8= "ホラー", tag9= "童謡", tag10= "もっと評価されるべき" where video_id = 'sm74308'
update:sm74308
14:2
------------------------------
sm74310
['ガンダム', 'CLIMAX', 'UC', 'ゲーム', '森口博子', 'F91', '2:43から本番', '機動戦士ガンダム_クライマックスU.C.', '冬馬由美', 'ETERNAL_WIND～ほほえみは光る風の中～']
再生：39382
コメント：626
マイリスト：331
Userページステータス 200
フォロー数　 0
フォロワー数 126
update video_data set title="【PS2】機動戦士ガンダム CLIMAX U.C.【PV1】", contributor_id=224677, contributor="ksk", follow=0, follower=126, time=268, view=39382, comment=626, mylist=331, total=44963, regist_date='2021-02-13 14:02:02.576305', upload_date='2007-03-27 00:59:48', videofound = 1, tag1= "ガンダム", tag2= "CLIMAX", tag3= "UC", tag4= "ゲーム", tag5= "森口博子", tag6= "F91", tag7= "2:43から本番", tag8= "機動戦士ガンダム_クライマックスU.C.", tag9= "冬馬由美", tag10= "ETERNAL_WIND～ほほえみは光る風の中～" where video_id = 'sm74310'
update:sm74310
14:2
------------------------------
sm74312
['東方', 'うどんげ', 'IOSYS', 'miko', '狂気の優曇華院シリーズ', 'ふんどし天国', '物足りないMIX', '藤咲かりん/miko', 'うどんこねこね']
再生：3713
コメント：70
マイリスト：11
Userページステータス 200
フォロー数　 0
フォロワー数 1
update video_data set title="患部で止まってすぐ溶ける　～ 狂気の優曇華院 (TCP◆TCP/DooMi2 Extended MIX)", contributor_id=51799, contributor="TMY", follow=0, follower=1, time=357, view=3713, comment=70, mylist=11, total=3946, regist_date='2021-02-13 14:02:03.042481', upload_date='2007-03-27 01:07:42', videofound = 1, tag1= "東方", tag2= "うどんげ", tag3= "IOSYS", tag4= "miko", tag5= "狂気の優曇華院シリーズ", tag6= "ふんどし天国", tag7= "物足りないMIX", tag8= "藤咲かりん/miko", tag9= "うどんこねこね" where video_id = 'sm74312'
update:sm74312
14:2
------------------------------
sm74327
[]
再生：13317
コメント：863
マイリスト：46
Userページステータス 200
フォロー数　 0
フォロワー数 139
update video_data set title="吹いたら負け【パナップ花子】", contributor_id=71964, contributor="よっしー", follow=0, follower=139, time=119, view=13317, comment=863, mylist=46, total=14817, regist_date='2021-02-13 14:02:05.689879', upload_date='2007-03-27 00:58:44', videofound = 1 where video_id = 'sm74327'
update:sm74327
14:2
------------------------------
sm74331
['Kiwi', '叶えたい夢があった', 'アニメ']
再生：1397
コメント：97
マイリスト：23
Userページステータス 200
フォロー数　 0
フォロワー数 29
update video_data set title="Kiwi!", contributor_id=146175, contributor="チチスキー", follow=0, follower=29, time=189, view=1397, comment=97, mylist=23, total=1832, regist_date='2021-02-13 14:02:06.995891', upload_date='2007-03-27 01:01:47', videofound = 1, tag1= "Kiwi", tag2= "叶えたい夢があった", tag3= "アニメ" where video_id = 'sm74331'
update:sm74331
14:2
------------------------------
sm74333
['BHD', 'ブラックホークダウン', 'リドリー・スコット', 'エンターテイメント', 'moby', '映画予告編', 'ブラックホーク', '予告で感動する映画', 'ハンス・ジマー', '2001年']
再生：41804
コメント：401
マイリスト：144
Userページステータス 200
フォロー数　 25
フォロワー数 88
update video_data set title="ブラックホークダウン　予告編", contributor_id=20855, contributor="そう郎", follow=25, follower=88, time=146, view=41804, comment=401, mylist=144, total=44361, regist_date='2021-02-13 14:02:07.803863', upload_date='2007-03-27 01:00:28', videofound = 1, tag1= "BHD", tag2= "ブラックホークダウン", tag3= "リドリー・スコット", tag4= "エンターテイメント", tag5= "moby", tag6= "映画予告編", tag7= "ブラックホーク", tag8= "予告で感動する映画", tag9= "ハンス・ジマー", tag10= "2001年" where video_id = 'sm74333'
update:sm74333
14:2
------------------------------
sm74335
['高画質', 'ゲーム', 'オメガ１１伝説', 'バケモノ伝説', 'エースコンバットトレイラー', 'エースコンバット']
再生：19563
コメント：893
マイリスト：315
Userページステータス 200
フォロー数　 1
フォロワー数 2
update video_data set title="エースコンバット TRAILER集 (04,5,ZERO) ACE COMBAT", contributor_id=31582, contributor="10G", follow=1, follower=2, time=351, view=19563, comment=893, mylist=315, total=25142, regist_date='2021-02-13 14:02:08.217724', upload_date='2007-03-27 01:02:31', videofound = 1, tag1= "高画質", tag2= "ゲーム", tag3= "オメガ１１伝説", tag4= "バケモノ伝説", tag5= "エースコンバットトレイラー", tag6= "エースコンバット" where video_id = 'sm74335'
update:sm74335
14:2
------------------------------
sm74340
['ゲーム', '大魔界村', '魔界村', 'カプコン', 'アーケード', 'AC', 'アクション', 'フルボッコ', '短剣は王道', 'ゲームED']
再生：13985
コメント：1015
マイリスト：75
Userページステータス 200
フォロー数　 0
フォロワー数 37
update video_data set title="【AC版】大魔界村【ED付】", contributor_id=236560, contributor="サイボーグ", follow=0, follower=37, time=1552, view=13985, comment=1015, mylist=75, total=16056, regist_date='2021-02-13 14:02:09.354518', upload_date='2007-03-27 01:11:02', videofound = 1, tag1= "ゲーム", tag2= "大魔界村", tag3= "魔界村", tag4= "カプコン", tag5= "アーケード", tag6= "AC", tag7= "アクション", tag8= "フルボッコ", tag9= "短剣は王道", tag10= "ゲームED" where video_id = 'sm74340'
update:sm74340
14:2
------------------------------
sm74347
['音楽', 'テロ', 'エロ', 'Windows', 'Mac']
再生：6923
コメント：852
マイリスト：20
Userページステータス 200
フォロー数　 0
フォロワー数 28
update video_data set title="図書館で突如Macが起動。", contributor_id=41611, contributor="sudo", follow=0, follower=28, time=149, view=6923, comment=852, mylist=20, total=7981, regist_date='2021-02-13 14:02:10.518954', upload_date='2007-03-27 01:16:55', videofound = 1, tag1= "音楽", tag2= "テロ", tag3= "エロ", tag4= "Windows", tag5= "Mac" where video_id = 'sm74347'
update:sm74347
14:2
------------------------------
sm74370
['STG', 'グラディウス']
再生：1528
コメント：14
マイリスト：4
Userページステータス 200
フォロー数　 2
フォロワー数 12
update video_data set title="グラディウスⅤ　ＰＶ", contributor_id=162196, contributor="tr", follow=2, follower=12, time=135, view=1528, comment=14, mylist=4, total=1601, regist_date='2021-02-13 14:02:13.854452', upload_date='2007-03-27 16:24:52', videofound = 1, tag1= "STG", tag2= "グラディウス" where video_id = 'sm74370'
update:sm74370
14:2
------------------------------
sm74384
['奇ゲー', '小室哲哉', 'GABALL_SCREEN', '2:50~からが本番', 'LSD', 'PS']
再生：9409
コメント：1142
マイリスト：45
Userページステータス 200
フォロー数　 1
フォロワー数 82
update video_data set title="奇ゲー紀行２：Playstation用ソフト「GABALL SCREEN」1/13", contributor_id=240136, contributor="Microglobe", follow=1, follower=82, time=580, view=9409, comment=1142, mylist=45, total=11102, regist_date='2021-02-13 14:02:16.320359', upload_date='2007-03-27 01:51:22', videofound = 1, tag1= "奇ゲー", tag2= "小室哲哉", tag3= "GABALL_SCREEN", tag4= "2:50~からが本番", tag5= "LSD", tag6= "PS" where video_id = 'sm74384'
update:sm74384
14:2
------------------------------
sm74394
['ふぃぎゅ＠', 'ふぃぎゅ＠謝肉祭', 'ふぃぎゅ＠メイト', 'MOSAIC.WAV', 'MOSAIC.MOV', 'ふぃぎゅ＠謝肉祭ループ', 'エロゲソング']
再生：4703
コメント：123
マイリスト：23
Userページステータス 200
フォロー数　 0
フォロワー数 0
update video_data set title="ふぃぎゅ＠謝肉祭＋ふぃぎゅ＠メイト", contributor_id=53442, contributor="まーぼう！", follow=0, follower=0, time=130, view=4703, comment=123, mylist=23, total=5167, regist_date='2021-02-13 14:02:17.907279', upload_date='2007-03-27 01:14:36', videofound = 1, tag1= "ふぃぎゅ＠", tag2= "ふぃぎゅ＠謝肉祭", tag3= "ふぃぎゅ＠メイト", tag4= "MOSAIC.WAV", tag5= "MOSAIC.MOV", tag6= "ふぃぎゅ＠謝肉祭ループ", tag7= "エロゲソング" where video_id = 'sm74394'
update:sm74394
14:2
------------------------------
sm74404
['F-ZERO', 'ゲーム']
再生：8241
コメント：1164
マイリスト：22
Userページステータス 200
フォロー数　 1
フォロワー数 995
update video_data set title="SFC版F-ZERO　ファイアスティングレイでマスタークラスガチプレイ　その２", contributor_id=292683, contributor="タルビー", follow=1, follower=995, time=1267, view=8241, comment=1164, mylist=22, total=9591, regist_date='2021-02-13 14:02:19.409780', upload_date='2007-03-27 02:15:51', videofound = 1, tag1= "F-ZERO", tag2= "ゲーム" where video_id = 'sm74404'
update:sm74404
14:2
------------------------------
sm74410
['涼宮ハルヒの憂鬱', 'その他', 'オウム', '教徒アニメーション', 'ハレ晴レユカイ', '宇宙人・未来人・超能力者を超えた', 'JapaneseCult', '宗教は商売', '洗脳コンテンツ']
再生：6761
コメント：199
マイリスト：58
Userページステータス 200
フォロー数　 0
フォロワー数 50
update video_data set title="ハレハレオウム＠ハルヒ", contributor_id=121675, contributor="ぼたん", follow=0, follower=50, time=65, view=6761, comment=199, mylist=58, total=7824, regist_date='2021-02-13 14:02:20.377033', upload_date='2007-03-27 01:15:24', videofound = 1, tag1= "涼宮ハルヒの憂鬱", tag2= "その他", tag3= "オウム", tag4= "教徒アニメーション", tag5= "ハレ晴レユカイ", tag6= "宇宙人・未来人・超能力者を超えた", tag7= "JapaneseCult", tag8= "宗教は商売", tag9= "洗脳コンテンツ" where video_id = 'sm74410'
update:sm74410
14:2
------------------------------
sm74412
['メタルギアソリッド', 'スネーク', 'ギャラクシーエンジェル', 'PS', 'ＭＧＳ', 'GALAXY_ANGEL', '緊張感０%', 'ギャップシンクロ', 'いいセンスだ']
再生：8044
コメント：160
マイリスト：76
Userページステータス 200
フォロー数　 16
フォロワー数 18
update video_data set title="メタルギアエンジェル", contributor_id=49988, contributor="ハシビロコウ", follow=16, follower=18, time=90, view=8044, comment=160, mylist=76, total=9340, regist_date='2021-02-13 14:02:21.175170', upload_date='2007-03-28 19:14:25', videofound = 1, tag1= "メタルギアソリッド", tag2= "スネーク", tag3= "ギャラクシーエンジェル", tag4= "PS", tag5= "ＭＧＳ", tag6= "GALAXY_ANGEL", tag7= "緊張感０%", tag8= "ギャップシンクロ", tag9= "いいセンスだ" where video_id = 'sm74412'
update:sm74412
14:2
------------------------------
sm74417
[]
再生：64400
コメント：2412
マイリスト：500
Userページステータス 200
フォロー数　 1
フォロワー数 179
update video_data set title="チルノ～恋娘のロンド～おでんぱ☆ラブガール", contributor_id=12601, contributor="xmikan", follow=1, follower=179, time=328, view=64400, comment=2412, mylist=500, total=74225, regist_date='2021-02-13 14:02:21.986832', upload_date='2007-03-27 02:21:25', videofound = 1 where video_id = 'sm74417'
update:sm74417
14:2
------------------------------
sm74425
[]
再生：63942
コメント：865
マイリスト：1546
Userページステータス 200
フォロー数　 0
フォロワー数 1474
update video_data set title="アイドルマスター　ドリルでルンルン クルルンルンVer.2.1", contributor_id=21879, contributor="桃邪気", follow=0, follower=1474, time=129, view=63942, comment=865, mylist=1546, total=87985, regist_date='2021-02-13 14:02:23.165815', upload_date='2007-03-27 01:25:37', videofound = 1 where video_id = 'sm74425'
update:sm74425
14:2
------------------------------
sm74430
['六田登', '赤木軍馬', 'アニメ', 'F-エフ', '蛎崎弘', '安全地帯', '武沢豊', 'アニソンfull', '1988年']
再生：24146
コメント：294
マイリスト：492
Userページステータス 200
フォロー数　 149
フォロワー数 25
update video_data set title="F -エフ- ED 邪魔はさせない Fullver", contributor_id=81527, contributor="新山", follow=149, follower=25, time=257, view=24146, comment=294, mylist=492, total=31816, regist_date='2021-02-13 14:02:23.922290', upload_date='2007-03-27 01:25:13', videofound = 1, tag1= "六田登", tag2= "赤木軍馬", tag3= "アニメ", tag4= "F-エフ", tag5= "蛎崎弘", tag6= "安全地帯", tag7= "武沢豊", tag8= "アニソンfull", tag9= "1988年" where video_id = 'sm74430'
update:sm74430
14:2
------------------------------
sm74433
['ジャイアントロボ', 'Gロボ', 'ドリル', 'なつかしいMAD', 'ＧＲ', 'GRMADシリーズ', '神画質', 'D4プリンセス']
再生：6694
コメント：93
マイリスト：79
Userページステータス 200
フォロー数　 20
フォロワー数 1
update video_data set title="ドリルでルンルン ジャイアントロボ", contributor_id=169913, contributor="加藤402", follow=20, follower=1, time=215, view=6694, comment=93, mylist=79, total=7970, regist_date='2021-02-13 14:02:24.495354', upload_date='2007-03-28 23:06:34', videofound = 1, tag1= "ジャイアントロボ", tag2= "Gロボ", tag3= "ドリル", tag4= "なつかしいMAD", tag5= "ＧＲ", tag6= "GRMADシリーズ", tag7= "神画質", tag8= "D4プリンセス" where video_id = 'sm74433'
update:sm74433
14:2
------------------------------
sm74440
['セックス！！', 'セックス！！！', 'セックス！！！！', 'エンターテイメント', '台湾']
再生：917
コメント：21
マイリスト：2
Userページステータス 200
フォロー数　 0
フォロワー数 0
update video_data set title="台灣-信義房屋-CF", contributor_id=184268, contributor="basala-soul", follow=0, follower=0, time=91, view=917, comment=21, mylist=2, total=967, regist_date='2021-02-13 14:02:25.998635', upload_date='2007-03-27 02:49:03', videofound = 1, tag1= "セックス！！", tag2= "セックス！！！", tag3= "セックス！！！！", tag4= "エンターテイメント", tag5= "台湾" where video_id = 'sm74440'
update:sm74440
14:2
------------------------------
sm74441
['ゲーム', 'サイレントヒル2', 'What_Is_Love', 'サイレントヒルMAD', '吹いたらUFOエンド', 'ノリで入水', '踊るスポットライト', '開始20秒で興奮のるつぼ', '縦振り版→sm1640682', '寝違えた時に観る動画']
再生：28163
コメント：1341
マイリスト：475
Userページステータス 200
フォロー数　 0
フォロワー数 78
update video_data set title="Silent Hill 2 - Night at the Silent Hill FULL  ジェイムズ何やってんだwwwwwwwww", contributor_id=262221, contributor="タークン", follow=0, follower=78, time=249, view=28163, comment=1341, mylist=475, total=36569, regist_date='2021-02-13 14:02:26.276881', upload_date='2007-03-27 17:48:48', videofound = 1, tag1= "ゲーム", tag2= "サイレントヒル2", tag3= "What_Is_Love", tag4= "サイレントヒルMAD", tag5= "吹いたらUFOエンド", tag6= "ノリで入水", tag7= "踊るスポットライト", tag8= "開始20秒で興奮のるつぼ", tag9= "縦振り版→sm1640682", tag10= "寝違えた時に観る動画" where video_id = 'sm74441'
update:sm74441
14:2
------------------------------
sm74466
['アニメ', 'F-エフ', '沢向要士', 'THE_BURST', 'アニソンfull', '1988年']
再生：28465
コメント：191
マイリスト：453
Userページステータス 200
フォロー数　 149
フォロワー数 25
update video_data set title="F -エフ- OP 「F」 Fullver", contributor_id=81527, contributor="新山", follow=149, follower=25, time=207, view=28465, comment=191, mylist=453, total=35449, regist_date='2021-02-13 14:02:29.749683', upload_date='2007-03-27 01:33:22', videofound = 1, tag1= "アニメ", tag2= "F-エフ", tag3= "沢向要士", tag4= "THE_BURST", tag5= "アニソンfull", tag6= "1988年" where video_id = 'sm74466'
update:sm74466
14:2
------------------------------
sm74486
['メテオス', 'メテオン', 'メテオスオンライン']
再生：985
コメント：13
マイリスト：2
Userページステータス 200
フォロー数　 15
フォロワー数 11
update video_data set title="メテオスオンライン グラビトール709660点", contributor_id=76856, contributor="ルハ", follow=15, follower=11, time=311, view=985, comment=13, mylist=2, total=1027, regist_date='2021-02-13 14:02:32.691318', upload_date='2007-03-27 03:02:29', videofound = 1, tag1= "メテオス", tag2= "メテオン", tag3= "メテオスオンライン" where video_id = 'sm74486'
update:sm74486
14:2
------------------------------
sm74504
['ふぃぎゅ＠', 'ふぃぎゅ＠謝肉祭', 'ふぃぎゅ＠謝肉祭ループ', 'ふぃぎゅ＠メイト', 'MOSAIC.WAV', 'MOSAIC.MOV', 'ふぃぎゅ＠ふぃぎゅ＠謝肉祭', 'Escu:de', '高画質なだけに残念', 'エロゲソング']
再生：2660
コメント：59
マイリスト：6
Userページステータス 200
フォロー数　 0
フォロワー数 4
update video_data set title="ふぃぎゅ＠+ふぃぎゅ＠謝肉祭デモ フェード 4.5", contributor_id=55861, contributor="free128", follow=0, follower=4, time=268, view=2660, comment=59, mylist=6, total=2807, regist_date='2021-02-13 14:02:35.579435', upload_date='2007-03-27 01:49:40', videofound = 1, tag1= "ふぃぎゅ＠", tag2= "ふぃぎゅ＠謝肉祭", tag3= "ふぃぎゅ＠謝肉祭ループ", tag4= "ふぃぎゅ＠メイト", tag5= "MOSAIC.WAV", tag6= "MOSAIC.MOV", tag7= "ふぃぎゅ＠ふぃぎゅ＠謝肉祭", tag8= "Escu:de", tag9= "高画質なだけに残念", tag10= "エロゲソング" where video_id = 'sm74504'
update:sm74504
14:2
------------------------------
sm74509
['永井先生', 'DQ3']
再生：310934
コメント：81731
マイリスト：2017
Userページステータス 200
フォロー数　 8
フォロワー数 279
update video_data set title="永井先生のドラクエ３　part1", contributor_id=30007, contributor="masternagai69", follow=8, follower=279, time=1221, view=310934, comment=81731, mylist=2017, total=405995, regist_date='2021-02-13 14:02:36.532862', upload_date='2007-03-27 03:16:39', videofound = 1, tag1= "永井先生", tag2= "DQ3" where video_id = 'sm74509'
update:sm74509
14:2
------------------------------
sm74510
['アイドルマスター', 'GOMYWAY!!', 'ごまえー', '美希千早真-高中低音トリオ-', '雷P', 'GO_MY_WAY!!', 'ヘッドホン推奨', '星井美希', '如月千早', '菊地真']
再生：3000
コメント：49
マイリスト：25
Userページステータス 200
フォロー数　 0
フォロワー数 2
update video_data set title="アイドルマスター GO MY WAY!! by 美希・千早・真 FCM", contributor_id=238829, contributor="kaminari", follow=0, follower=2, time=126, view=3000, comment=49, mylist=25, total=3423, regist_date='2021-02-13 14:02:36.815228', upload_date='2007-03-27 01:49:32', videofound = 1, tag1= "アイドルマスター", tag2= "GOMYWAY!!", tag3= "ごまえー", tag4= "美希千早真-高中低音トリオ-", tag5= "雷P", tag6= "GO_MY_WAY!!", tag7= "ヘッドホン推奨", tag8= "星井美希", tag9= "如月千早", tag10= "菊地真" where video_id = 'sm74510'
update:sm74510
14:2
------------------------------
sm74528
['ゲーム', 'シスタープリンセス', 'SisterPrincess2', 'OP', '畑亜貴', '伊藤真澄', '妹ゲー', 'PS1', 'メディアワークス', '天広直人', 'ごとうじゅんじ']
再生：10601
コメント：235
マイリスト：100
Userページステータス 200
フォロー数　 0
フォロワー数 345
update video_data set title="PS版　シスタープリンセス2　OP", contributor_id=34455, contributor="nemuu", follow=0, follower=345, time=100, view=10601, comment=235, mylist=100, total=12330, regist_date='2021-02-13 14:02:39.324079', upload_date='2007-03-27 01:55:02', videofound = 1, tag1= "ゲーム", tag2= "シスタープリンセス", tag3= "SisterPrincess2", tag4= "OP", tag5= "畑亜貴", tag6= "伊藤真澄", tag7= "妹ゲー", tag8= "PS1", tag9= "メディアワークス", tag10= "天広直人", tag11= "ごとうじゅんじ" where video_id = 'sm74528'
update:sm74528
14:2
------------------------------
sm74530
['ミニ四駆', 'レース', '玩具', 'タミヤ', 'エンターテイメント', '2007年', '2000年代']
再生：3288
コメント：53
マイリスト：2
Userページステータス 200
フォロー数　 0
フォロワー数 9
update video_data set title="3,25日ミニ四駆祭り。レースの様子", contributor_id=45642, contributor="ハイキック", follow=0, follower=9, time=35, view=3288, comment=53, mylist=2, total=3370, regist_date='2021-02-13 14:02:39.722682', upload_date='2007-03-27 01:59:39', videofound = 1, tag1= "ミニ四駆", tag2= "レース", tag3= "玩具", tag4= "タミヤ", tag5= "エンターテイメント", tag6= "2007年", tag7= "2000年代" where video_id = 'sm74530'
update:sm74530
14:2
------------------------------
sm74534
['ゲーム', '桃太郎', '新桃太郎伝説', '低レベル', '名犬ポチ', 'ポチに大変な技で助けられました', '動物いっぱい動画']
再生：16272
コメント：569
マイリスト：13
Userページステータス 200
フォロー数　 0
フォロワー数 83
update video_data set title="新桃太郎伝説　低レベル攻略その63", contributor_id=66948, contributor="amigojam", follow=0, follower=83, time=484, view=16272, comment=569, mylist=13, total=17016, regist_date='2021-02-13 14:02:40.464704', upload_date='2007-03-27 02:02:36', videofound = 1, tag1= "ゲーム", tag2= "桃太郎", tag3= "新桃太郎伝説", tag4= "低レベル", tag5= "名犬ポチ", tag6= "ポチに大変な技で助けられました", tag7= "動物いっぱい動画" where video_id = 'sm74534'
update:sm74534
14:2
------------------------------
sm74542
['セガサターン', 'トレジャー', 'レイディアントシルバーガン', '崎元仁', 'STG', '名作', 'シューターホイホイ', 'ゲームED', '石のような物体']
再生：32146
コメント：267
マイリスト：178
Userページステータス 200
フォロー数　 5
フォロワー数 42
update video_data set title="SS版 レイディアントシルバーガン エンディング", contributor_id=263614, contributor="梨king", follow=5, follower=42, time=210, view=32146, comment=267, mylist=178, total=35080, regist_date='2021-02-13 14:02:41.674366', upload_date='2007-03-27 02:04:49', videofound = 1, tag1= "セガサターン", tag2= "トレジャー", tag3= "レイディアントシルバーガン", tag4= "崎元仁", tag5= "STG", tag6= "名作", tag7= "シューターホイホイ", tag8= "ゲームED", tag9= "石のような物体" where video_id = 'sm74542'
update:sm74542
14:2
------------------------------
sm74545
['ゲーム', 'deadrising', 'デッドライジング', 'カオス']
再生：8185
コメント：127
マイリスト：12
Userページステータス 200
フォロー数　 0
フォロワー数 21
update video_data set title="DEADRISING 生存者大集合", contributor_id=193221, contributor="舘野", follow=0, follower=21, time=93, view=8185, comment=127, mylist=12, total=8490, regist_date='2021-02-13 14:02:42.261007', upload_date='2007-03-27 06:35:21', videofound = 1, tag1= "ゲーム", tag2= "deadrising", tag3= "デッドライジング", tag4= "カオス" where video_id = 'sm74545'
update:sm74545
14:2
------------------------------
sm74554
['東京スカパラダイスオーケストラ', '目立たずひっそりと楽しめる動画', 'ジジイ祭り', 'ふ～じこちゃぁ～ん']
再生：3354
コメント：135
マイリスト：34
Userページステータス 200
フォロー数　 1
フォロワー数 3
update video_data set title="陰陽師featルパン三世78", contributor_id=13981, contributor="´ΦωΦ)", follow=1, follower=3, time=181, view=3354, comment=135, mylist=34, total=3993, regist_date='2021-02-13 14:02:43.636439', upload_date='2007-03-27 03:37:17', videofound = 1, tag1= "東京スカパラダイスオーケストラ", tag2= "目立たずひっそりと楽しめる動画", tag3= "ジジイ祭り", tag4= "ふ～じこちゃぁ～ん" where video_id = 'sm74554'
update:sm74554
14:2
------------------------------
sm74560
['LSD', '小室哲哉']
再生：2344
コメント：151
マイリスト：4
Userページステータス 200
フォロー数　 1
フォロワー数 82
update video_data set title="奇ゲー紀行２：Playstation用ソフト「GABALL SCREEN」3/13", contributor_id=240136, contributor="Microglobe", follow=1, follower=82, time=508, view=2344, comment=151, mylist=4, total=2545, regist_date='2021-02-13 14:02:44.933490', upload_date='2007-03-27 03:31:49', videofound = 1, tag1= "LSD", tag2= "小室哲哉" where video_id = 'sm74560'
update:sm74560
14:2
------------------------------
sm74571
['新桃太郎伝説', '伐折羅王', 'ゲーム', '桃太郎', '低レベル', 'といちや動画（金）', 'お前さえ居なければ']
再生：23675
コメント：810
マイリスト：13
Userページステータス 200
フォロー数　 0
フォロワー数 83
update video_data set title="新桃太郎伝説　低レベル攻略その64", contributor_id=66948, contributor="amigojam", follow=0, follower=83, time=516, view=23675, comment=810, mylist=13, total=24653, regist_date='2021-02-13 14:02:46.628820', upload_date='2007-03-27 02:18:52', videofound = 1, tag1= "新桃太郎伝説", tag2= "伐折羅王", tag3= "ゲーム", tag4= "桃太郎", tag5= "低レベル", tag6= "といちや動画（金）", tag7= "お前さえ居なければ" where video_id = 'sm74571'
update:sm74571
14:2
------------------------------
sm74579
['FF7AC', '本編視聴後に観覧推奨', 'こんな○○は嫌だ', 'BGMの大切さがわかる動画', '謎の爽快感', '総長!!俺ずっとついて行くっす!!', 'シリアスがログアウトしました。', '違和感仕事しろ', 'FF7MAD系', '腹筋崩壊']
再生：97816
コメント：6141
マイリスト：1709
Userページステータス 200
フォロー数　 4
フォロワー数 8
update video_data set title="こんなFFACは嫌だ", contributor_id=34473, contributor="みそ", follow=4, follower=8, time=190, view=97816, comment=6141, mylist=1709, total=129235, regist_date='2021-02-13 14:02:47.851752', upload_date='2007-03-27 02:13:27', videofound = 1, tag1= "FF7AC", tag2= "本編視聴後に観覧推奨", tag3= "こんな○○は嫌だ", tag4= "BGMの大切さがわかる動画", tag5= "謎の爽快感", tag6= "総長!!俺ずっとついて行くっす!!", tag7= "シリアスがログアウトしました。", tag8= "違和感仕事しろ", tag9= "FF7MAD系", tag10= "腹筋崩壊" where video_id = 'sm74579'
update:sm74579
14:2
------------------------------
sm74584
['ジャッキー先生', 'マリオ', 'ゲーム', 'マリオRPG普通にプレイ', 'スーパーマリオRPG', '高性能じいちゃん', 'スーパーファミコン', 'SFC']
再生：17594
コメント：4977
マイリスト：13
Userページステータス 200
フォロー数　 0
フォロワー数 33
update video_data set title="スーパー マリオ RPG 普通にプレイ Part11", contributor_id=26704, contributor="ししゃも", follow=0, follower=33, time=1090, view=17594, comment=4977, mylist=13, total=21669, regist_date='2021-02-13 14:02:48.676996', upload_date='2007-03-27 09:12:13', videofound = 1, tag1= "ジャッキー先生", tag2= "マリオ", tag3= "ゲーム", tag4= "マリオRPG普通にプレイ", tag5= "スーパーマリオRPG", tag6= "高性能じいちゃん", tag7= "スーパーファミコン", tag8= "SFC" where video_id = 'sm74584'
update:sm74584
14:2
------------------------------
sm74597
['音楽', '精神異常', '暗い日曜日', 'シェレッシュ・レジェー', '１分２０秒から本番', 'コメが消える現象アリ', '放送禁止曲', '自殺ソング', '死んだら負け']
再生：31682
コメント：4508
マイリスト：81
Userページステータス 200
フォロー数　 0
フォロワー数 3
update video_data set title="暗い日曜日", contributor_id=50449, contributor="みそ", follow=0, follower=3, time=277, view=31682, comment=4508, mylist=81, total=36844, regist_date='2021-02-13 14:02:50.699177', upload_date='2007-03-27 02:18:29', videofound = 1, tag1= "音楽", tag2= "精神異常", tag3= "暗い日曜日", tag4= "シェレッシュ・レジェー", tag5= "１分２０秒から本番", tag6= "コメが消える現象アリ", tag7= "放送禁止曲", tag8= "自殺ソング", tag9= "死んだら負け" where video_id = 'sm74597'
update:sm74597
14:2
------------------------------
sm74598
['歴史', '嘉門達夫', '総理大臣', '首相', '政治家', '伊藤博文～1994年11月', '岬めぐり', '日本史', '日本']
再生：20466
コメント：374
マイリスト：303
Userページステータス 200
フォロー数　 0
フォロワー数 7
update video_data set title="歴代日本の首相の覚え方 (写真付き)", contributor_id=139649, contributor="negative", follow=0, follower=7, time=205, view=20466, comment=374, mylist=303, total=25378, regist_date='2021-02-13 14:02:51.005370', upload_date='2007-03-27 02:21:15', videofound = 1, tag1= "歴史", tag2= "嘉門達夫", tag3= "総理大臣", tag4= "首相", tag5= "政治家", tag6= "伊藤博文～1994年11月", tag7= "岬めぐり", tag8= "日本史", tag9= "日本" where video_id = 'sm74598'
update:sm74598
14:2
------------------------------
sm74626
[]
再生：11353
コメント：118
マイリスト：40
Userページステータス 200
フォロー数　 0
フォロワー数 11
update video_data set title="【BMS】電人、暁に斃れる。(A)autoplay", contributor_id=127820, contributor="河城にとり.ccc", follow=0, follower=11, time=133, view=11353, comment=118, mylist=40, total=12069, regist_date='2021-02-13 14:02:55.276932', upload_date='2007-03-27 02:31:54', videofound = 1 where video_id = 'sm74626'
update:sm74626
14:2
------------------------------
sm74628
['LISU']
再生：14834
コメント：229
マイリスト：70
Userページステータス 200
フォロー数　 5
フォロワー数 17
update video_data set title="beatmania IIDX 片手 V", contributor_id=102841, contributor="あきんど", follow=5, follower=17, time=136, view=14834, comment=229, mylist=70, total=16109, regist_date='2021-02-13 14:02:55.655956', upload_date='2007-03-27 02:35:09', videofound = 1, tag1= "LISU" where video_id = 'sm74628'
update:sm74628
14:2
------------------------------
sm74646
['アイドルマスター', '私はアイドル', 'しーなP', 'iM@SノーマルPV', '春香', '律子', 'はるるんりっちゃん', 'ベージュハイチェック', '赤い春香に緑の律子']
再生：4763
コメント：209
マイリスト：17
Userページステータス 200
フォロー数　 14
フォロワー数 1144
update video_data set title="IDOLM@STER アイドルマスター 私はアイドル 春香 律子", contributor_id=71549, contributor="しーな", follow=14, follower=1144, time=131, view=4763, comment=209, mylist=17, total=5218, regist_date='2021-02-13 14:02:58.078601', upload_date='2007-03-27 02:40:21', videofound = 1, tag1= "アイドルマスター", tag2= "私はアイドル", tag3= "しーなP", tag4= "iM@SノーマルPV", tag5= "春香", tag6= "律子", tag7= "はるるんりっちゃん", tag8= "ベージュハイチェック", tag9= "赤い春香に緑の律子" where video_id = 'sm74646'
update:sm74646
14:2
------------------------------
sm74663
['FF8', '植松伸夫', 'ファイナルファンタジー', '音楽', 'アーニー・ロス（指揮）', 'オーケストラ', 'PLAY!_A_Video_Game_Symphony', 'ゲーム音楽コンサートリンク', 'LiberiFatali']
再生：30086
コメント：260
マイリスト：270
Userページステータス 200
フォロー数　 2
フォロワー数 139
update video_data set title="オーケストラ　ファイナルファンタジー", contributor_id=297100, contributor="キットカット", follow=2, follower=139, time=225, view=30086, comment=260, mylist=270, total=34393, regist_date='2021-02-13 14:03:00.304924', upload_date='2007-03-27 02:51:53', videofound = 1, tag1= "FF8", tag2= "植松伸夫", tag3= "ファイナルファンタジー", tag4= "音楽", tag5= "アーニー・ロス（指揮）", tag6= "オーケストラ", tag7= "PLAY!_A_Video_Game_Symphony", tag8= "ゲーム音楽コンサートリンク", tag9= "LiberiFatali" where video_id = 'sm74663'
update:sm74663
14:3
------------------------------
sm74670
['青リロ', '火九', 'a-cho', '格闘ゲーム', '何やってんだこいつー！', 'ドラゴンインストール']
再生：41323
コメント：1058
マイリスト：278
Userページステータス 200
ユーザー退会済み、もしくはアカウント停止の可能性
update video_data set title="2003.12.7　The 1st a-cho cup 「激闘劇場」　GGXX 決勝戦", contributor_id=49658, contributor="lux", time=620, view=41323, comment=1058, mylist=278, total=46524, regist_date='2021-02-13 14:03:01.435068', upload_date='2007-03-27 02:56:51', videofound = 1, tag1= "青リロ", tag2= "火九", tag3= "a-cho", tag4= "格闘ゲーム", tag5= "何やってんだこいつー！", tag6= "ドラゴンインストール" where video_id = 'sm74670'
update:sm74670
14:3
------------------------------
sm74672
['テクニクビート', '音ゲー', 'ナムコ', 'アリカ', 'テクニク', 'ゲーム音楽', '妖怪道中記', 'ドルアーガの塔', 'リブルラブル', 'リッジレーサー']
再生：12684
コメント：246
マイリスト：79
Userページステータス 200
フォロー数　 33
フォロワー数 157
update video_data set title="テクニクビート　その１", contributor_id=10802, contributor="あー(ry", follow=33, follower=157, time=708, view=12684, comment=246, mylist=79, total=14110, regist_date='2021-02-13 14:03:01.841520', upload_date='2007-03-27 02:50:03', videofound = 1, tag1= "テクニクビート", tag2= "音ゲー", tag3= "ナムコ", tag4= "アリカ", tag5= "テクニク", tag6= "ゲーム音楽", tag7= "妖怪道中記", tag8= "ドルアーガの塔", tag9= "リブルラブル", tag10= "リッジレーサー" where video_id = 'sm74672'
update:sm74672
14:3
------------------------------
sm74676
['細胞', '科学', '生物', '植物', 'リアルもやしもん', 'LightWave', 'バイド', '驚異の小宇宙', 'ニコニコ生物部', '単細胞']
再生：7140
コメント：265
マイリスト：91
Userページステータス 200
フォロー数　 69
フォロワー数 26
update video_data set title="細胞の世界", contributor_id=33891, contributor="お茶", follow=69, follower=26, time=310, view=7140, comment=265, mylist=91, total=8760, regist_date='2021-02-13 14:03:02.563624', upload_date='2007-03-27 04:19:13', videofound = 1, tag1= "細胞", tag2= "科学", tag3= "生物", tag4= "植物", tag5= "リアルもやしもん", tag6= "LightWave", tag7= "バイド", tag8= "驚異の小宇宙", tag9= "ニコニコ生物部", tag10= "単細胞" where video_id = 'sm74676'
update:sm74676
14:3
------------------------------
sm74678
['舞-乙HiME', '魁！！クロマティ高校', 'ねっとり', '吉田拓郎「純」', 'アニメ', 'ニナ・ウォン', 'クロ高MAD', 'すり替えておいたのさ！', '魁！！ガルデローベ学園', '純', 'BAR']
再生：14355
コメント：175
マイリスト：168
Userページステータス 200
フォロー数　 132
フォロワー数 22879
update video_data set title="【MAD】魁！！ガルデローベ学園【舞-乙HiME】", contributor_id=94102, contributor="BAR", follow=132, follower=22879, time=89, view=14355, comment=175, mylist=168, total=17047, regist_date='2021-02-13 14:03:02.950061', upload_date='2007-03-27 02:55:43', videofound = 1, tag1= "舞-乙HiME", tag2= "魁！！クロマティ高校", tag3= "ねっとり", tag4= "吉田拓郎「純」", tag5= "アニメ", tag6= "ニナ・ウォン", tag7= "クロ高MAD", tag8= "すり替えておいたのさ！", tag9= "魁！！ガルデローベ学園", tag10= "純", tag11= "BAR" where video_id = 'sm74678'
update:sm74678
14:3
------------------------------
sm74680
['危険運転', 'お巡りさん見てますか？', '故意雁砦琶蘭獄', '止まれ', '自転車', '子供']
再生：1555
コメント：20
マイリスト：1
Userページステータス 200
フォロー数　 46
フォロワー数 0
update video_data set title="⊂二二二（　＾ω＾）二⊃", contributor_id=16494, contributor="krn.", follow=46, follower=0, time=10, view=1555, comment=20, mylist=1, total=1589, regist_date='2021-02-13 14:03:03.357547', upload_date='2007-03-27 02:51:21', videofound = 1, tag1= "危険運転", tag2= "お巡りさん見てますか？", tag3= "故意雁砦琶蘭獄", tag4= "止まれ", tag5= "自転車", tag6= "子供" where video_id = 'sm74680'
update:sm74680
14:3
------------------------------
sm74684
['ゲーム', 'F-ZERO']
再生：8181
コメント：941
マイリスト：21
Userページステータス 200
フォロー数　 1
フォロワー数 995
update video_data set title="SFC版F-ZERO　ファイアスティングレイでマスタークラスガチプレイ　その３", contributor_id=292683, contributor="タルビー", follow=1, follower=995, time=1149, view=8181, comment=941, mylist=21, total=9340, regist_date='2021-02-13 14:03:04.355720', upload_date='2007-03-27 03:09:33', videofound = 1, tag1= "ゲーム", tag2= "F-ZERO" where video_id = 'sm74684'
update:sm74684
14:3
------------------------------
sm74703
['アニメ', 'ムスメット', 'アニメOPED', '愛の閃光', '流星戦隊ムスメット', '松本彩乃', '大沢千秋', '川瀬晶子', 'パンツの見えるアニメ', '2004年']
再生：4538
コメント：39
マイリスト：24
Userページステータス 200
フォロー数　 264
フォロワー数 143
update video_data set title="ムスメット", contributor_id=49453, contributor="さささん", follow=264, follower=143, time=74, view=4538, comment=39, mylist=24, total=4936, regist_date='2021-02-13 14:03:07.044853', upload_date='2007-03-27 03:01:25', videofound = 1, tag1= "アニメ", tag2= "ムスメット", tag3= "アニメOPED", tag4= "愛の閃光", tag5= "流星戦隊ムスメット", tag6= "松本彩乃", tag7= "大沢千秋", tag8= "川瀬晶子", tag9= "パンツの見えるアニメ", tag10= "2004年" where video_id = 'sm74703'
update:sm74703
14:3
------------------------------
sm74706
['ゲーム', 'シスタープリンセス', 'OP', '俺たちの原点', 'ドリームキャスト', '妹ゲー', 'すべての元凶', '伝説の始まり', '紳士の社交場', 'お兄ちゃんLove']
再生：15894
コメント：309
マイリスト：125
Userページステータス 200
フォロー数　 0
フォロワー数 345
update video_data set title="DC版　シスタープリンセス　OP", contributor_id=34455, contributor="nemuu", follow=0, follower=345, time=91, view=15894, comment=309, mylist=125, total=18072, regist_date='2021-02-13 14:03:07.581980', upload_date='2007-03-27 03:02:03', videofound = 1, tag1= "ゲーム", tag2= "シスタープリンセス", tag3= "OP", tag4= "俺たちの原点", tag5= "ドリームキャスト", tag6= "妹ゲー", tag7= "すべての元凶", tag8= "伝説の始まり", tag9= "紳士の社交場", tag10= "お兄ちゃんLove" where video_id = 'sm74706'
update:sm74706
14:3
------------------------------
sm74721
['科学', 'Brainiac', 'リチャード・ハモンド', 'ルビジウム', 'セシウム', 'アルカリ金属', '危険', '爆発', 'お風呂', '入浴シーン', 'なにこれこわい']
再生：590136
コメント：16073
マイリスト：4723
Userページステータス 200
フォロー数　 0
フォロワー数 63
update video_data set title="危険な化学実験　『とある物を水にぶち込んでみました』", contributor_id=212125, contributor="sei", follow=0, follower=63, time=197, view=590136, comment=16073, mylist=4723, total=676631, regist_date='2021-02-13 14:03:09.897680', upload_date='2007-03-27 03:12:36', videofound = 1, tag1= "科学", tag2= "Brainiac", tag3= "リチャード・ハモンド", tag4= "ルビジウム", tag5= "セシウム", tag6= "アルカリ金属", tag7= "危険", tag8= "爆発", tag9= "お風呂", tag10= "入浴シーン", tag11= "なにこれこわい" where video_id = 'sm74721'
update:sm74721
14:3
------------------------------
sm74729
['政治', '韓国', '池東旭', '盧武鉉']
再生：2193
コメント：112
マイリスト：6
Userページステータス 200
フォロー数　 1
フォロワー数 0
update video_data set title="池東旭が語る韓国　韓国国民はどうして盧武鉉大統領をバカにするのか？", contributor_id=18879, contributor="rinorino", follow=1, follower=0, time=351, view=2193, comment=112, mylist=6, total=2389, regist_date='2021-02-13 14:03:11.049581', upload_date='2007-03-27 03:10:55', videofound = 1, tag1= "政治", tag2= "韓国", tag3= "池東旭", tag4= "盧武鉉" where video_id = 'sm74729'
update:sm74729
14:3
------------------------------
sm74733
['MAD', 'WHITE_ALBUM', 'leaf', '軍魔', '静止画MAD', '粉雪', 'うp主≠作者']
再生：4161
コメント：41
マイリスト：74
Userページステータス 200
フォロー数　 1
フォロワー数 14
update video_data set title="[MAD] Love Actually / WHITE ALBUM", contributor_id=17157, contributor="Ccc", follow=1, follower=14, time=229, view=4161, comment=41, mylist=74, total=5311, regist_date='2021-02-13 14:03:11.712832', upload_date='2007-03-27 03:14:09', videofound = 1, tag1= "MAD", tag2= "WHITE_ALBUM", tag3= "leaf", tag4= "軍魔", tag5= "静止画MAD", tag6= "粉雪", tag7= "うp主≠作者" where video_id = 'sm74733'
update:sm74733
14:3
------------------------------
sm74734
['ロマサガ２', 'イベントダイジェスト', 'ロマサガ２イベントダイジェスト', 'Part10→sm76729', '池袋さん', 'ロックブーケ']
再生：15404
コメント：828
マイリスト：37
Userページステータス 200
フォロー数　 0
フォロワー数 27
update video_data set title="Romancing Sa･Ga　2　ロマサガ２　イベントダイジェスト　Part9", contributor_id=17361, contributor="kamekku", follow=0, follower=27, time=1179, view=15404, comment=828, mylist=37, total=16744, regist_date='2021-02-13 14:03:12.023717', upload_date='2007-03-27 03:27:21', videofound = 1, tag1= "ロマサガ２", tag2= "イベントダイジェスト", tag3= "ロマサガ２イベントダイジェスト", tag4= "Part10→sm76729", tag5= "池袋さん", tag6= "ロックブーケ" where video_id = 'sm74734'
update:sm74734
14:3
------------------------------
sm74740
[]
再生：838
コメント：23
マイリスト：3
Userページステータス 200
フォロー数　 1
フォロワー数 0
update video_data set title="池東旭が語る韓国　韓国社会の現状", contributor_id=18879, contributor="rinorino", follow=1, follower=0, time=370, view=838, comment=23, mylist=3, total=905, regist_date='2021-02-13 14:03:12.890226', upload_date='2007-03-27 03:13:44', videofound = 1 where video_id = 'sm74740'
update:sm74740
14:3
------------------------------
sm74747
['政治', '池東旭', '朝鮮']
再生：1335
コメント：106
マイリスト：9
Userページステータス 200
フォロー数　 1
フォロワー数 0
update video_data set title="池東旭が語る韓国　日韓関係が改善されない本当の理由", contributor_id=18879, contributor="rinorino", follow=1, follower=0, time=477, view=1335, comment=106, mylist=9, total=1568, regist_date='2021-02-13 14:03:14.396835', upload_date='2007-03-27 03:17:26', videofound = 1, tag1= "政治", tag2= "池東旭", tag3= "朝鮮" where video_id = 'sm74747'
update:sm74747
14:3
------------------------------
sm74759
['その他', '北朝鮮', 'これはひどい', 'だめだコリア', '池東旭', '金有美', '拉致問題']
再生：555
コメント：23
マイリスト：3
Userページステータス 200
フォロー数　 1
フォロワー数 0
update video_data set title="池東旭が語る韓国　北朝鮮の現状と拉致", contributor_id=18879, contributor="rinorino", follow=1, follower=0, time=552, view=555, comment=23, mylist=3, total=622, regist_date='2021-02-13 14:03:16.112671', upload_date='2007-03-27 03:22:37', videofound = 1, tag1= "その他", tag2= "北朝鮮", tag3= "これはひどい", tag4= "だめだコリア", tag5= "池東旭", tag6= "金有美", tag7= "拉致問題" where video_id = 'sm74759'
update:sm74759
14:3
------------------------------
sm74770
['政治', '池東旭', '真実は面白いな馬鹿朝鮮']
再生：535
コメント：23
マイリスト：2
Userページステータス 200
フォロー数　 1
フォロワー数 0
update video_data set title="池東旭が語る韓国　北朝鮮は馬賊政権だ", contributor_id=18879, contributor="rinorino", follow=1, follower=0, time=388, view=535, comment=23, mylist=2, total=587, regist_date='2021-02-13 14:03:17.723225', upload_date='2007-03-27 03:25:45', videofound = 1, tag1= "政治", tag2= "池東旭", tag3= "真実は面白いな馬鹿朝鮮" where video_id = 'sm74770'
update:sm74770
14:3
------------------------------
sm74783
['CS曲メドレー', 'ゲーム', '触れない', '音ゲー', 'ポップン', 'ポップン触れない曲リンク', '忘れ去られし名曲', '元祖触れない', "CSpop'n"]
再生：15436
コメント：1929
マイリスト：138
Userページステータス 200
フォロー数　 0
フォロワー数 57
update video_data set title="CSポップンミュージック　AC未出曲メドレー　PS・DC(CS1～6)編", contributor_id=56498, contributor="BPM150くらい", follow=0, follower=57, time=922, view=15436, comment=1929, mylist=138, total=19222, regist_date='2021-02-13 14:03:19.631777', upload_date='2007-03-27 03:41:29', videofound = 1, tag1= "CS曲メドレー", tag2= "ゲーム", tag3= "触れない", tag4= "音ゲー", tag5= "ポップン", tag6= "ポップン触れない曲リンク", tag7= "忘れ去られし名曲", tag8= "元祖触れない", tag9= "CSpopn" where video_id = 'sm74783'
update:sm74783
14:3
------------------------------
sm74789
['ゲーム', 'ミッション', 'ブレード', 'アーマードコア', 'AC4', 'PS3', 'アーマードコア４', 'キレやすい最近の若者']
再生：1690
コメント：18
マイリスト：1
Userページステータス 200
フォロー数　 10
フォロワー数 47
update video_data set title="AC4ミッション～GO UP IN FLAMES～", contributor_id=160443, contributor="colt1500", follow=10, follower=47, time=43, view=1690, comment=18, mylist=1, total=1722, regist_date='2021-02-13 14:03:20.798744', upload_date='2007-03-27 03:41:23', videofound = 1, tag1= "ゲーム", tag2= "ミッション", tag3= "ブレード", tag4= "アーマードコア", tag5= "AC4", tag6= "PS3", tag7= "アーマードコア４", tag8= "キレやすい最近の若者" where video_id = 'sm74789'
update:sm74789
14:3
------------------------------
sm74790
['NurseryRhyme', 'きしめん', 'フルバージョン', 'Lump_of_sugar', 'エロゲソングfull', '音楽']
再生：6619
コメント：299
マイリスト：63
Userページステータス 200
フォロー数　 7
フォロワー数 1
update video_data set title="Nursery Rhyme ナーサリィ☆ライム (True my Heart Full Version 030) ～きしめん～", contributor_id=214251, contributor="りかりん", follow=7, follower=1, time=285, view=6619, comment=299, mylist=63, total=7850, regist_date='2021-02-13 14:03:21.048731', upload_date='2007-03-27 03:36:28', videofound = 1, tag1= "NurseryRhyme", tag2= "きしめん", tag3= "フルバージョン", tag4= "Lump_of_sugar", tag5= "エロゲソングfull", tag6= "音楽" where video_id = 'sm74790'
update:sm74790
14:3
------------------------------
sm74812
['ビーダマン', 'Bビーダマン爆外伝V', '爆外伝OPED', 'アニメOP', 'パイレーツ', 'ぼくらのVICTORY', 'ボンバーマンOPEDリンク', 'Bビーダマン爆外伝', 'ボンバーマン', 'マッドハウス']
再生：38818
コメント：405
マイリスト：267
Userページステータス 200
フォロー数　 0
フォロワー数 14
update video_data set title="Bビーダマン爆外伝V　OP2", contributor_id=125667, contributor="匿名", follow=0, follower=14, time=84, view=38818, comment=405, mylist=267, total=43223, regist_date='2021-02-13 14:03:24.648726', upload_date='2007-03-27 03:59:49', videofound = 1, tag1= "ビーダマン", tag2= "Bビーダマン爆外伝V", tag3= "爆外伝OPED", tag4= "アニメOP", tag5= "パイレーツ", tag6= "ぼくらのVICTORY", tag7= "ボンバーマンOPEDリンク", tag8= "Bビーダマン爆外伝", tag9= "ボンバーマン", tag10= "マッドハウス" where video_id = 'sm74812'
update:sm74812
14:3
------------------------------
sm74814
['MAD', 'モンスターハンター', 'モンハンＭＡＤ', 'ゲーム', 'クリムゾンブロス', 'flyhigh', 'ドジっ子萌え世代', 'トップをねらえ！']
再生：67448
コメント：1125
マイリスト：1481
Userページステータス 200
フォロー数　 3
フォロワー数 964
update video_data set title="MH 突進！涙のクリムゾンブロス【MAD】", contributor_id=57138, contributor="荒くれ", follow=3, follower=964, time=135, view=67448, comment=1125, mylist=1481, total=90769, regist_date='2021-02-13 14:03:25.089500', upload_date='2007-03-27 03:47:03', videofound = 1, tag1= "MAD", tag2= "モンスターハンター", tag3= "モンハンＭＡＤ", tag4= "ゲーム", tag5= "クリムゾンブロス", tag6= "flyhigh", tag7= "ドジっ子萌え世代", tag8= "トップをねらえ！" where video_id = 'sm74814'
update:sm74814
14:3
------------------------------
sm74816
['LSD', '小室哲哉']
再生：791
コメント：43
マイリスト：1
Userページステータス 200
フォロー数　 1
フォロワー数 82
update video_data set title="奇ゲー紀行２：Playstation用ソフト「GABALL SCREEN」5/13", contributor_id=240136, contributor="Microglobe", follow=1, follower=82, time=513, view=791, comment=43, mylist=1, total=846, regist_date='2021-02-13 14:03:25.521837', upload_date='2007-03-27 03:48:50', videofound = 1, tag1= "LSD", tag2= "小室哲哉" where video_id = 'sm74816'
update:sm74816
14:3
------------------------------
sm74837
['LSD', '小室哲哉']
再生：2266
コメント：103
マイリスト：4
Userページステータス 200
フォロー数　 1
フォロワー数 82
update video_data set title="奇ゲー紀行２：Playstation用ソフト「GABALL SCREEN」6/13", contributor_id=240136, contributor="Microglobe", follow=1, follower=82, time=560, view=2266, comment=103, mylist=4, total=2424, regist_date='2021-02-13 14:03:28.592576', upload_date='2007-03-27 03:57:00', videofound = 1, tag1= "LSD", tag2= "小室哲哉" where video_id = 'sm74837'
update:sm74837
14:3
------------------------------
sm74844
['アーマードコア', 'AC4', 'ミッション', 'ブレード', 'AC4ミッション', 'ゲーム', 'アーマードコア４']
再生：2141
コメント：60
マイリスト：1
Userページステータス 200
フォロー数　 10
フォロワー数 47
update video_data set title="AC4ミッション～BARBE BLEUE～", contributor_id=160443, contributor="colt1500", follow=10, follower=47, time=213, view=2141, comment=60, mylist=1, total=2214, regist_date='2021-02-13 14:03:29.737954', upload_date='2007-03-27 03:58:05', videofound = 1, tag1= "アーマードコア", tag2= "AC4", tag3= "ミッション", tag4= "ブレード", tag5= "AC4ミッション", tag6= "ゲーム", tag7= "アーマードコア４" where video_id = 'sm74844'
update:sm74844
14:3
------------------------------
sm74865
['LSD', '小室哲哉']
再生：1835
コメント：73
マイリスト：3
Userページステータス 200
フォロー数　 1
フォロワー数 82
update video_data set title="奇ゲー紀行２：Playstation用ソフト「GABALL SCREEN」7/13", contributor_id=240136, contributor="Microglobe", follow=1, follower=82, time=550, view=1835, comment=73, mylist=3, total=1950, regist_date='2021-02-13 14:03:33.306854', upload_date='2007-03-27 04:08:07', videofound = 1, tag1= "LSD", tag2= "小室哲哉" where video_id = 'sm74865'
update:sm74865
14:3
------------------------------
sm74870
['livedoor', 'ホリエモン', '堀江貴文', 'オトナ系', 'ライブドアオート（現・カーチス）', '13年3月27日仮釈放', 'ライブドアオート', '自称実業家（炎上芸人）', '調子に乗ってた頃', 'メスイキゼンカモン']
再生：8337
コメント：108
マイリスト：37
Userページステータス 200
フォロー数　 0
フォロワー数 0
update video_data set title="ライブドアオート", contributor_id=45405, contributor="仙台の桔梗", follow=0, follower=0, time=14, view=8337, comment=108, mylist=37, total=8998, regist_date='2021-02-13 14:03:34.505650', upload_date='2007-03-27 04:03:49', videofound = 1, tag1= "livedoor", tag2= "ホリエモン", tag3= "堀江貴文", tag4= "オトナ系", tag5= "ライブドアオート（現・カーチス）", tag6= "13年3月27日仮釈放", tag7= "ライブドアオート", tag8= "自称実業家（炎上芸人）", tag9= "調子に乗ってた頃", tag10= "メスイキゼンカモン" where video_id = 'sm74870'